<?xml version="1.0" encoding="UTF-8"?>
<testsuite name="Runner" tests="11" skipped="0" failures="9" errors="0" timestamp="2025-08-08T22:57:54.145Z" hostname="sayan-macbookair" time="278.605">
  <properties/>
  <testcase name="runScenario[0](&quot;User sees correct window title after navigating to url&quot;, &quot;Validate Window Title&quot;)" classname="Runner" time="0.558"/>
  <testcase name="runScenario[1](&quot;Successful login with valid credentials&quot;, &quot;Login Functionality&quot;)" classname="Runner" time="4.303"/>
  <testcase name="runScenario[2](&quot;Failed login with invalid email&quot;, &quot;Login Functionality&quot;)" classname="Runner" time="30.746">
    <failure message="org.openqa.selenium.StaleElementReferenceException: The element with the reference 67848535-ac3b-4227-aa38-1cb840a0a8e0 is stale; either its node document is not the active document, or it is no longer connected to the DOM&#10;For documentation on this error, please visit: https://www.selenium.dev/documentation/webdriver/troubleshooting/errors#stale-element-reference-exception&#10;Build info: version: '4.33.0', revision: '2c6aaad03a'&#10;System info: os.name: 'Linux', os.arch: 'aarch64', os.version: '6.14.8-400.asahi.fc42.aarch64+16k', java.version: '25-ea'&#10;Driver info: org.openqa.selenium.firefox.FirefoxDriver&#10;Command: [c9d21c69-a940-4ce4-942b-b101ec89822f, clickElement {id=67848535-ac3b-4227-aa38-1cb840a0a8e0}]&#10;Capabilities {acceptInsecureCerts: true, browserName: firefox, browserVersion: 141.0.2, moz:accessibilityChecks: false, moz:buildID: 20250806111518, moz:geckodriverVersion: 0.34.0, moz:headless: false, moz:platformVersion: 6.14.8-400.asahi.fc42.aarch..., moz:processID: 32501, moz:profile: /tmp/rust_mozprofile5352L6, moz:shutdownTimeout: 60000, moz:webdriverClick: true, moz:windowless: false, pageLoadStrategy: normal, platformName: linux, proxy: Proxy(), setWindowRect: true, strictFileInteractability: false, timeouts: {implicit: 0, pageLoad: 300000, script: 30000}, unhandledPromptBehavior: dismiss and notify, userAgent: Mozilla/5.0 (X11; Linux x86...}&#10;Element: [[FirefoxDriver: firefox on linux (c9d21c69-a940-4ce4-942b-b101ec89822f)] -&gt; css selector: a.ico-login]&#10;Session ID: c9d21c69-a940-4ce4-942b-b101ec89822f" type="org.openqa.selenium.StaleElementReferenceException">org.openqa.selenium.StaleElementReferenceException: The element with the reference 67848535-ac3b-4227-aa38-1cb840a0a8e0 is stale; either its node document is not the active document, or it is no longer connected to the DOM
For documentation on this error, please visit: https://www.selenium.dev/documentation/webdriver/troubleshooting/errors#stale-element-reference-exception
Build info: version: '4.33.0', revision: '2c6aaad03a'
System info: os.name: 'Linux', os.arch: 'aarch64', os.version: '6.14.8-400.asahi.fc42.aarch64+16k', java.version: '25-ea'
Driver info: org.openqa.selenium.firefox.FirefoxDriver
Command: [c9d21c69-a940-4ce4-942b-b101ec89822f, clickElement {id=67848535-ac3b-4227-aa38-1cb840a0a8e0}]
Capabilities {acceptInsecureCerts: true, browserName: firefox, browserVersion: 141.0.2, moz:accessibilityChecks: false, moz:buildID: 20250806111518, moz:geckodriverVersion: 0.34.0, moz:headless: false, moz:platformVersion: 6.14.8-400.asahi.fc42.aarch..., moz:processID: 32501, moz:profile: /tmp/rust_mozprofile5352L6, moz:shutdownTimeout: 60000, moz:webdriverClick: true, moz:windowless: false, pageLoadStrategy: normal, platformName: linux, proxy: Proxy(), setWindowRect: true, strictFileInteractability: false, timeouts: {implicit: 0, pageLoad: 300000, script: 30000}, unhandledPromptBehavior: dismiss and notify, userAgent: Mozilla/5.0 (X11; Linux x86...}
Element: [[FirefoxDriver: firefox on linux (c9d21c69-a940-4ce4-942b-b101ec89822f)] -&gt; css selector: a.ico-login]
Session ID: c9d21c69-a940-4ce4-942b-b101ec89822f
	at java.base@25-ea/jdk.internal.reflect.DirectConstructorHandleAccessor.newInstance(DirectConstructorHandleAccessor.java:62)
	at java.base@25-ea/java.lang.reflect.Constructor.newInstanceWithCaller(Constructor.java:499)
	at java.base@25-ea/java.lang.reflect.Constructor.newInstance(Constructor.java:483)
	at app//org.openqa.selenium.remote.ErrorCodec.decode(ErrorCodec.java:167)
	at app//org.openqa.selenium.remote.codec.w3c.W3CHttpResponseCodec.decode(W3CHttpResponseCodec.java:138)
	at app//org.openqa.selenium.remote.codec.w3c.W3CHttpResponseCodec.decode(W3CHttpResponseCodec.java:50)
	at app//org.openqa.selenium.remote.HttpCommandExecutor.execute(HttpCommandExecutor.java:215)
	at app//org.openqa.selenium.remote.service.DriverCommandExecutor.invokeExecute(DriverCommandExecutor.java:216)
	at app//org.openqa.selenium.remote.service.DriverCommandExecutor.execute(DriverCommandExecutor.java:174)
	at app//org.openqa.selenium.remote.RemoteWebDriver.execute(RemoteWebDriver.java:544)
	at app//org.openqa.selenium.remote.RemoteWebElement.execute(RemoteWebElement.java:223)
	at app//org.openqa.selenium.remote.RemoteWebElement.click(RemoteWebElement.java:76)
	at java.base@25-ea/jdk.internal.reflect.DirectMethodHandleAccessor.invoke(DirectMethodHandleAccessor.java:104)
	at java.base@25-ea/java.lang.reflect.Method.invoke(Method.java:565)
	at app//org.openqa.selenium.support.decorators.WebDriverDecorator.call(WebDriverDecorator.java:315)
	at app//org.openqa.selenium.support.decorators.DefaultDecorated.call(DefaultDecorated.java:48)
	at app//org.openqa.selenium.support.decorators.WebDriverDecorator.lambda$createProxyFactory$3(WebDriverDecorator.java:405)
	at net.bytebuddy.renamed.java.lang.Object$ByteBuddy$2mFELSSU.click(Unknown Source)
	at app//steps.LoginSteps.clickLoginURL(LoginSteps.java:32)
	at ✽.the user is on the Demo Web Shop login page(file:///home/sayan/Documents/Demo-WebShop-Automation/src/test/features/Login.feature:7)
</failure>
  </testcase>
  <testcase name="runScenario[3](&quot;Failed login with invalid password&quot;, &quot;Login Functionality&quot;)" classname="Runner" time="30.55">
    <failure message="org.openqa.selenium.StaleElementReferenceException: The element with the reference 67848535-ac3b-4227-aa38-1cb840a0a8e0 is stale; either its node document is not the active document, or it is no longer connected to the DOM&#10;For documentation on this error, please visit: https://www.selenium.dev/documentation/webdriver/troubleshooting/errors#stale-element-reference-exception&#10;Build info: version: '4.33.0', revision: '2c6aaad03a'&#10;System info: os.name: 'Linux', os.arch: 'aarch64', os.version: '6.14.8-400.asahi.fc42.aarch64+16k', java.version: '25-ea'&#10;Driver info: org.openqa.selenium.firefox.FirefoxDriver&#10;Command: [c9d21c69-a940-4ce4-942b-b101ec89822f, clickElement {id=67848535-ac3b-4227-aa38-1cb840a0a8e0}]&#10;Capabilities {acceptInsecureCerts: true, browserName: firefox, browserVersion: 141.0.2, moz:accessibilityChecks: false, moz:buildID: 20250806111518, moz:geckodriverVersion: 0.34.0, moz:headless: false, moz:platformVersion: 6.14.8-400.asahi.fc42.aarch..., moz:processID: 32501, moz:profile: /tmp/rust_mozprofile5352L6, moz:shutdownTimeout: 60000, moz:webdriverClick: true, moz:windowless: false, pageLoadStrategy: normal, platformName: linux, proxy: Proxy(), setWindowRect: true, strictFileInteractability: false, timeouts: {implicit: 0, pageLoad: 300000, script: 30000}, unhandledPromptBehavior: dismiss and notify, userAgent: Mozilla/5.0 (X11; Linux x86...}&#10;Element: [[FirefoxDriver: firefox on linux (c9d21c69-a940-4ce4-942b-b101ec89822f)] -&gt; css selector: a.ico-login]&#10;Session ID: c9d21c69-a940-4ce4-942b-b101ec89822f" type="org.openqa.selenium.StaleElementReferenceException">org.openqa.selenium.StaleElementReferenceException: The element with the reference 67848535-ac3b-4227-aa38-1cb840a0a8e0 is stale; either its node document is not the active document, or it is no longer connected to the DOM
For documentation on this error, please visit: https://www.selenium.dev/documentation/webdriver/troubleshooting/errors#stale-element-reference-exception
Build info: version: '4.33.0', revision: '2c6aaad03a'
System info: os.name: 'Linux', os.arch: 'aarch64', os.version: '6.14.8-400.asahi.fc42.aarch64+16k', java.version: '25-ea'
Driver info: org.openqa.selenium.firefox.FirefoxDriver
Command: [c9d21c69-a940-4ce4-942b-b101ec89822f, clickElement {id=67848535-ac3b-4227-aa38-1cb840a0a8e0}]
Capabilities {acceptInsecureCerts: true, browserName: firefox, browserVersion: 141.0.2, moz:accessibilityChecks: false, moz:buildID: 20250806111518, moz:geckodriverVersion: 0.34.0, moz:headless: false, moz:platformVersion: 6.14.8-400.asahi.fc42.aarch..., moz:processID: 32501, moz:profile: /tmp/rust_mozprofile5352L6, moz:shutdownTimeout: 60000, moz:webdriverClick: true, moz:windowless: false, pageLoadStrategy: normal, platformName: linux, proxy: Proxy(), setWindowRect: true, strictFileInteractability: false, timeouts: {implicit: 0, pageLoad: 300000, script: 30000}, unhandledPromptBehavior: dismiss and notify, userAgent: Mozilla/5.0 (X11; Linux x86...}
Element: [[FirefoxDriver: firefox on linux (c9d21c69-a940-4ce4-942b-b101ec89822f)] -&gt; css selector: a.ico-login]
Session ID: c9d21c69-a940-4ce4-942b-b101ec89822f
	at java.base@25-ea/jdk.internal.reflect.DirectConstructorHandleAccessor.newInstance(DirectConstructorHandleAccessor.java:62)
	at java.base@25-ea/java.lang.reflect.Constructor.newInstanceWithCaller(Constructor.java:499)
	at java.base@25-ea/java.lang.reflect.Constructor.newInstance(Constructor.java:483)
	at app//org.openqa.selenium.remote.ErrorCodec.decode(ErrorCodec.java:167)
	at app//org.openqa.selenium.remote.codec.w3c.W3CHttpResponseCodec.decode(W3CHttpResponseCodec.java:138)
	at app//org.openqa.selenium.remote.codec.w3c.W3CHttpResponseCodec.decode(W3CHttpResponseCodec.java:50)
	at app//org.openqa.selenium.remote.HttpCommandExecutor.execute(HttpCommandExecutor.java:215)
	at app//org.openqa.selenium.remote.service.DriverCommandExecutor.invokeExecute(DriverCommandExecutor.java:216)
	at app//org.openqa.selenium.remote.service.DriverCommandExecutor.execute(DriverCommandExecutor.java:174)
	at app//org.openqa.selenium.remote.RemoteWebDriver.execute(RemoteWebDriver.java:544)
	at app//org.openqa.selenium.remote.RemoteWebElement.execute(RemoteWebElement.java:223)
	at app//org.openqa.selenium.remote.RemoteWebElement.click(RemoteWebElement.java:76)
	at java.base@25-ea/jdk.internal.reflect.DirectMethodHandleAccessor.invoke(DirectMethodHandleAccessor.java:104)
	at java.base@25-ea/java.lang.reflect.Method.invoke(Method.java:565)
	at app//org.openqa.selenium.support.decorators.WebDriverDecorator.call(WebDriverDecorator.java:315)
	at app//org.openqa.selenium.support.decorators.DefaultDecorated.call(DefaultDecorated.java:48)
	at app//org.openqa.selenium.support.decorators.WebDriverDecorator.lambda$createProxyFactory$3(WebDriverDecorator.java:405)
	at net.bytebuddy.renamed.java.lang.Object$ByteBuddy$2mFELSSU.click(Unknown Source)
	at app//steps.LoginSteps.clickLoginURL(LoginSteps.java:32)
	at ✽.the user is on the Demo Web Shop login page(file:///home/sayan/Documents/Demo-WebShop-Automation/src/test/features/Login.feature:7)
</failure>
  </testcase>
  <testcase name="runScenario[4](&quot;Failed login with empty fields&quot;, &quot;Login Functionality&quot;)" classname="Runner" time="30.06">
    <failure message="org.openqa.selenium.StaleElementReferenceException: The element with the reference 67848535-ac3b-4227-aa38-1cb840a0a8e0 is stale; either its node document is not the active document, or it is no longer connected to the DOM&#10;For documentation on this error, please visit: https://www.selenium.dev/documentation/webdriver/troubleshooting/errors#stale-element-reference-exception&#10;Build info: version: '4.33.0', revision: '2c6aaad03a'&#10;System info: os.name: 'Linux', os.arch: 'aarch64', os.version: '6.14.8-400.asahi.fc42.aarch64+16k', java.version: '25-ea'&#10;Driver info: org.openqa.selenium.firefox.FirefoxDriver&#10;Command: [c9d21c69-a940-4ce4-942b-b101ec89822f, clickElement {id=67848535-ac3b-4227-aa38-1cb840a0a8e0}]&#10;Capabilities {acceptInsecureCerts: true, browserName: firefox, browserVersion: 141.0.2, moz:accessibilityChecks: false, moz:buildID: 20250806111518, moz:geckodriverVersion: 0.34.0, moz:headless: false, moz:platformVersion: 6.14.8-400.asahi.fc42.aarch..., moz:processID: 32501, moz:profile: /tmp/rust_mozprofile5352L6, moz:shutdownTimeout: 60000, moz:webdriverClick: true, moz:windowless: false, pageLoadStrategy: normal, platformName: linux, proxy: Proxy(), setWindowRect: true, strictFileInteractability: false, timeouts: {implicit: 0, pageLoad: 300000, script: 30000}, unhandledPromptBehavior: dismiss and notify, userAgent: Mozilla/5.0 (X11; Linux x86...}&#10;Element: [[FirefoxDriver: firefox on linux (c9d21c69-a940-4ce4-942b-b101ec89822f)] -&gt; css selector: a.ico-login]&#10;Session ID: c9d21c69-a940-4ce4-942b-b101ec89822f" type="org.openqa.selenium.StaleElementReferenceException">org.openqa.selenium.StaleElementReferenceException: The element with the reference 67848535-ac3b-4227-aa38-1cb840a0a8e0 is stale; either its node document is not the active document, or it is no longer connected to the DOM
For documentation on this error, please visit: https://www.selenium.dev/documentation/webdriver/troubleshooting/errors#stale-element-reference-exception
Build info: version: '4.33.0', revision: '2c6aaad03a'
System info: os.name: 'Linux', os.arch: 'aarch64', os.version: '6.14.8-400.asahi.fc42.aarch64+16k', java.version: '25-ea'
Driver info: org.openqa.selenium.firefox.FirefoxDriver
Command: [c9d21c69-a940-4ce4-942b-b101ec89822f, clickElement {id=67848535-ac3b-4227-aa38-1cb840a0a8e0}]
Capabilities {acceptInsecureCerts: true, browserName: firefox, browserVersion: 141.0.2, moz:accessibilityChecks: false, moz:buildID: 20250806111518, moz:geckodriverVersion: 0.34.0, moz:headless: false, moz:platformVersion: 6.14.8-400.asahi.fc42.aarch..., moz:processID: 32501, moz:profile: /tmp/rust_mozprofile5352L6, moz:shutdownTimeout: 60000, moz:webdriverClick: true, moz:windowless: false, pageLoadStrategy: normal, platformName: linux, proxy: Proxy(), setWindowRect: true, strictFileInteractability: false, timeouts: {implicit: 0, pageLoad: 300000, script: 30000}, unhandledPromptBehavior: dismiss and notify, userAgent: Mozilla/5.0 (X11; Linux x86...}
Element: [[FirefoxDriver: firefox on linux (c9d21c69-a940-4ce4-942b-b101ec89822f)] -&gt; css selector: a.ico-login]
Session ID: c9d21c69-a940-4ce4-942b-b101ec89822f
	at java.base@25-ea/jdk.internal.reflect.DirectConstructorHandleAccessor.newInstance(DirectConstructorHandleAccessor.java:62)
	at java.base@25-ea/java.lang.reflect.Constructor.newInstanceWithCaller(Constructor.java:499)
	at java.base@25-ea/java.lang.reflect.Constructor.newInstance(Constructor.java:483)
	at app//org.openqa.selenium.remote.ErrorCodec.decode(ErrorCodec.java:167)
	at app//org.openqa.selenium.remote.codec.w3c.W3CHttpResponseCodec.decode(W3CHttpResponseCodec.java:138)
	at app//org.openqa.selenium.remote.codec.w3c.W3CHttpResponseCodec.decode(W3CHttpResponseCodec.java:50)
	at app//org.openqa.selenium.remote.HttpCommandExecutor.execute(HttpCommandExecutor.java:215)
	at app//org.openqa.selenium.remote.service.DriverCommandExecutor.invokeExecute(DriverCommandExecutor.java:216)
	at app//org.openqa.selenium.remote.service.DriverCommandExecutor.execute(DriverCommandExecutor.java:174)
	at app//org.openqa.selenium.remote.RemoteWebDriver.execute(RemoteWebDriver.java:544)
	at app//org.openqa.selenium.remote.RemoteWebElement.execute(RemoteWebElement.java:223)
	at app//org.openqa.selenium.remote.RemoteWebElement.click(RemoteWebElement.java:76)
	at java.base@25-ea/jdk.internal.reflect.DirectMethodHandleAccessor.invoke(DirectMethodHandleAccessor.java:104)
	at java.base@25-ea/java.lang.reflect.Method.invoke(Method.java:565)
	at app//org.openqa.selenium.support.decorators.WebDriverDecorator.call(WebDriverDecorator.java:315)
	at app//org.openqa.selenium.support.decorators.DefaultDecorated.call(DefaultDecorated.java:48)
	at app//org.openqa.selenium.support.decorators.WebDriverDecorator.lambda$createProxyFactory$3(WebDriverDecorator.java:405)
	at net.bytebuddy.renamed.java.lang.Object$ByteBuddy$2mFELSSU.click(Unknown Source)
	at app//steps.LoginSteps.clickLoginURL(LoginSteps.java:32)
	at ✽.the user is on the Demo Web Shop login page(file:///home/sayan/Documents/Demo-WebShop-Automation/src/test/features/Login.feature:7)
</failure>
  </testcase>
  <testcase name="runScenario[5](&quot;Remember me functionality&quot;, &quot;Login Functionality&quot;)" classname="Runner" time="30.588">
    <failure message="org.openqa.selenium.StaleElementReferenceException: The element with the reference 67848535-ac3b-4227-aa38-1cb840a0a8e0 is stale; either its node document is not the active document, or it is no longer connected to the DOM&#10;For documentation on this error, please visit: https://www.selenium.dev/documentation/webdriver/troubleshooting/errors#stale-element-reference-exception&#10;Build info: version: '4.33.0', revision: '2c6aaad03a'&#10;System info: os.name: 'Linux', os.arch: 'aarch64', os.version: '6.14.8-400.asahi.fc42.aarch64+16k', java.version: '25-ea'&#10;Driver info: org.openqa.selenium.firefox.FirefoxDriver&#10;Command: [c9d21c69-a940-4ce4-942b-b101ec89822f, clickElement {id=67848535-ac3b-4227-aa38-1cb840a0a8e0}]&#10;Capabilities {acceptInsecureCerts: true, browserName: firefox, browserVersion: 141.0.2, moz:accessibilityChecks: false, moz:buildID: 20250806111518, moz:geckodriverVersion: 0.34.0, moz:headless: false, moz:platformVersion: 6.14.8-400.asahi.fc42.aarch..., moz:processID: 32501, moz:profile: /tmp/rust_mozprofile5352L6, moz:shutdownTimeout: 60000, moz:webdriverClick: true, moz:windowless: false, pageLoadStrategy: normal, platformName: linux, proxy: Proxy(), setWindowRect: true, strictFileInteractability: false, timeouts: {implicit: 0, pageLoad: 300000, script: 30000}, unhandledPromptBehavior: dismiss and notify, userAgent: Mozilla/5.0 (X11; Linux x86...}&#10;Element: [[FirefoxDriver: firefox on linux (c9d21c69-a940-4ce4-942b-b101ec89822f)] -&gt; css selector: a.ico-login]&#10;Session ID: c9d21c69-a940-4ce4-942b-b101ec89822f" type="org.openqa.selenium.StaleElementReferenceException">org.openqa.selenium.StaleElementReferenceException: The element with the reference 67848535-ac3b-4227-aa38-1cb840a0a8e0 is stale; either its node document is not the active document, or it is no longer connected to the DOM
For documentation on this error, please visit: https://www.selenium.dev/documentation/webdriver/troubleshooting/errors#stale-element-reference-exception
Build info: version: '4.33.0', revision: '2c6aaad03a'
System info: os.name: 'Linux', os.arch: 'aarch64', os.version: '6.14.8-400.asahi.fc42.aarch64+16k', java.version: '25-ea'
Driver info: org.openqa.selenium.firefox.FirefoxDriver
Command: [c9d21c69-a940-4ce4-942b-b101ec89822f, clickElement {id=67848535-ac3b-4227-aa38-1cb840a0a8e0}]
Capabilities {acceptInsecureCerts: true, browserName: firefox, browserVersion: 141.0.2, moz:accessibilityChecks: false, moz:buildID: 20250806111518, moz:geckodriverVersion: 0.34.0, moz:headless: false, moz:platformVersion: 6.14.8-400.asahi.fc42.aarch..., moz:processID: 32501, moz:profile: /tmp/rust_mozprofile5352L6, moz:shutdownTimeout: 60000, moz:webdriverClick: true, moz:windowless: false, pageLoadStrategy: normal, platformName: linux, proxy: Proxy(), setWindowRect: true, strictFileInteractability: false, timeouts: {implicit: 0, pageLoad: 300000, script: 30000}, unhandledPromptBehavior: dismiss and notify, userAgent: Mozilla/5.0 (X11; Linux x86...}
Element: [[FirefoxDriver: firefox on linux (c9d21c69-a940-4ce4-942b-b101ec89822f)] -&gt; css selector: a.ico-login]
Session ID: c9d21c69-a940-4ce4-942b-b101ec89822f
	at java.base@25-ea/jdk.internal.reflect.DirectConstructorHandleAccessor.newInstance(DirectConstructorHandleAccessor.java:62)
	at java.base@25-ea/java.lang.reflect.Constructor.newInstanceWithCaller(Constructor.java:499)
	at java.base@25-ea/java.lang.reflect.Constructor.newInstance(Constructor.java:483)
	at app//org.openqa.selenium.remote.ErrorCodec.decode(ErrorCodec.java:167)
	at app//org.openqa.selenium.remote.codec.w3c.W3CHttpResponseCodec.decode(W3CHttpResponseCodec.java:138)
	at app//org.openqa.selenium.remote.codec.w3c.W3CHttpResponseCodec.decode(W3CHttpResponseCodec.java:50)
	at app//org.openqa.selenium.remote.HttpCommandExecutor.execute(HttpCommandExecutor.java:215)
	at app//org.openqa.selenium.remote.service.DriverCommandExecutor.invokeExecute(DriverCommandExecutor.java:216)
	at app//org.openqa.selenium.remote.service.DriverCommandExecutor.execute(DriverCommandExecutor.java:174)
	at app//org.openqa.selenium.remote.RemoteWebDriver.execute(RemoteWebDriver.java:544)
	at app//org.openqa.selenium.remote.RemoteWebElement.execute(RemoteWebElement.java:223)
	at app//org.openqa.selenium.remote.RemoteWebElement.click(RemoteWebElement.java:76)
	at java.base@25-ea/jdk.internal.reflect.DirectMethodHandleAccessor.invoke(DirectMethodHandleAccessor.java:104)
	at java.base@25-ea/java.lang.reflect.Method.invoke(Method.java:565)
	at app//org.openqa.selenium.support.decorators.WebDriverDecorator.call(WebDriverDecorator.java:315)
	at app//org.openqa.selenium.support.decorators.DefaultDecorated.call(DefaultDecorated.java:48)
	at app//org.openqa.selenium.support.decorators.WebDriverDecorator.lambda$createProxyFactory$3(WebDriverDecorator.java:405)
	at net.bytebuddy.renamed.java.lang.Object$ByteBuddy$2mFELSSU.click(Unknown Source)
	at app//steps.LoginSteps.clickLoginURL(LoginSteps.java:32)
	at ✽.the user is on the Demo Web Shop login page(file:///home/sayan/Documents/Demo-WebShop-Automation/src/test/features/Login.feature:7)
</failure>
  </testcase>
  <testcase name="runScenario[6](&quot;Login with different credentials&quot;, &quot;Login Functionality&quot;)" classname="Runner" time="30.446">
    <failure message="org.openqa.selenium.StaleElementReferenceException: The element with the reference 67848535-ac3b-4227-aa38-1cb840a0a8e0 is stale; either its node document is not the active document, or it is no longer connected to the DOM&#10;For documentation on this error, please visit: https://www.selenium.dev/documentation/webdriver/troubleshooting/errors#stale-element-reference-exception&#10;Build info: version: '4.33.0', revision: '2c6aaad03a'&#10;System info: os.name: 'Linux', os.arch: 'aarch64', os.version: '6.14.8-400.asahi.fc42.aarch64+16k', java.version: '25-ea'&#10;Driver info: org.openqa.selenium.firefox.FirefoxDriver&#10;Command: [c9d21c69-a940-4ce4-942b-b101ec89822f, clickElement {id=67848535-ac3b-4227-aa38-1cb840a0a8e0}]&#10;Capabilities {acceptInsecureCerts: true, browserName: firefox, browserVersion: 141.0.2, moz:accessibilityChecks: false, moz:buildID: 20250806111518, moz:geckodriverVersion: 0.34.0, moz:headless: false, moz:platformVersion: 6.14.8-400.asahi.fc42.aarch..., moz:processID: 32501, moz:profile: /tmp/rust_mozprofile5352L6, moz:shutdownTimeout: 60000, moz:webdriverClick: true, moz:windowless: false, pageLoadStrategy: normal, platformName: linux, proxy: Proxy(), setWindowRect: true, strictFileInteractability: false, timeouts: {implicit: 0, pageLoad: 300000, script: 30000}, unhandledPromptBehavior: dismiss and notify, userAgent: Mozilla/5.0 (X11; Linux x86...}&#10;Element: [[FirefoxDriver: firefox on linux (c9d21c69-a940-4ce4-942b-b101ec89822f)] -&gt; css selector: a.ico-login]&#10;Session ID: c9d21c69-a940-4ce4-942b-b101ec89822f" type="org.openqa.selenium.StaleElementReferenceException">org.openqa.selenium.StaleElementReferenceException: The element with the reference 67848535-ac3b-4227-aa38-1cb840a0a8e0 is stale; either its node document is not the active document, or it is no longer connected to the DOM
For documentation on this error, please visit: https://www.selenium.dev/documentation/webdriver/troubleshooting/errors#stale-element-reference-exception
Build info: version: '4.33.0', revision: '2c6aaad03a'
System info: os.name: 'Linux', os.arch: 'aarch64', os.version: '6.14.8-400.asahi.fc42.aarch64+16k', java.version: '25-ea'
Driver info: org.openqa.selenium.firefox.FirefoxDriver
Command: [c9d21c69-a940-4ce4-942b-b101ec89822f, clickElement {id=67848535-ac3b-4227-aa38-1cb840a0a8e0}]
Capabilities {acceptInsecureCerts: true, browserName: firefox, browserVersion: 141.0.2, moz:accessibilityChecks: false, moz:buildID: 20250806111518, moz:geckodriverVersion: 0.34.0, moz:headless: false, moz:platformVersion: 6.14.8-400.asahi.fc42.aarch..., moz:processID: 32501, moz:profile: /tmp/rust_mozprofile5352L6, moz:shutdownTimeout: 60000, moz:webdriverClick: true, moz:windowless: false, pageLoadStrategy: normal, platformName: linux, proxy: Proxy(), setWindowRect: true, strictFileInteractability: false, timeouts: {implicit: 0, pageLoad: 300000, script: 30000}, unhandledPromptBehavior: dismiss and notify, userAgent: Mozilla/5.0 (X11; Linux x86...}
Element: [[FirefoxDriver: firefox on linux (c9d21c69-a940-4ce4-942b-b101ec89822f)] -&gt; css selector: a.ico-login]
Session ID: c9d21c69-a940-4ce4-942b-b101ec89822f
	at java.base@25-ea/jdk.internal.reflect.DirectConstructorHandleAccessor.newInstance(DirectConstructorHandleAccessor.java:62)
	at java.base@25-ea/java.lang.reflect.Constructor.newInstanceWithCaller(Constructor.java:499)
	at java.base@25-ea/java.lang.reflect.Constructor.newInstance(Constructor.java:483)
	at app//org.openqa.selenium.remote.ErrorCodec.decode(ErrorCodec.java:167)
	at app//org.openqa.selenium.remote.codec.w3c.W3CHttpResponseCodec.decode(W3CHttpResponseCodec.java:138)
	at app//org.openqa.selenium.remote.codec.w3c.W3CHttpResponseCodec.decode(W3CHttpResponseCodec.java:50)
	at app//org.openqa.selenium.remote.HttpCommandExecutor.execute(HttpCommandExecutor.java:215)
	at app//org.openqa.selenium.remote.service.DriverCommandExecutor.invokeExecute(DriverCommandExecutor.java:216)
	at app//org.openqa.selenium.remote.service.DriverCommandExecutor.execute(DriverCommandExecutor.java:174)
	at app//org.openqa.selenium.remote.RemoteWebDriver.execute(RemoteWebDriver.java:544)
	at app//org.openqa.selenium.remote.RemoteWebElement.execute(RemoteWebElement.java:223)
	at app//org.openqa.selenium.remote.RemoteWebElement.click(RemoteWebElement.java:76)
	at java.base@25-ea/jdk.internal.reflect.DirectMethodHandleAccessor.invoke(DirectMethodHandleAccessor.java:104)
	at java.base@25-ea/java.lang.reflect.Method.invoke(Method.java:565)
	at app//org.openqa.selenium.support.decorators.WebDriverDecorator.call(WebDriverDecorator.java:315)
	at app//org.openqa.selenium.support.decorators.DefaultDecorated.call(DefaultDecorated.java:48)
	at app//org.openqa.selenium.support.decorators.WebDriverDecorator.lambda$createProxyFactory$3(WebDriverDecorator.java:405)
	at net.bytebuddy.renamed.java.lang.Object$ByteBuddy$2mFELSSU.click(Unknown Source)
	at app//steps.LoginSteps.clickLoginURL(LoginSteps.java:32)
	at ✽.the user is on the Demo Web Shop login page(file:///home/sayan/Documents/Demo-WebShop-Automation/src/test/features/Login.feature:7)
</failure>
  </testcase>
  <testcase name="runScenario[7](&quot;Login with different credentials&quot;, &quot;Login Functionality&quot;)" classname="Runner" time="30.336">
    <failure message="org.openqa.selenium.StaleElementReferenceException: The element with the reference 67848535-ac3b-4227-aa38-1cb840a0a8e0 is stale; either its node document is not the active document, or it is no longer connected to the DOM&#10;For documentation on this error, please visit: https://www.selenium.dev/documentation/webdriver/troubleshooting/errors#stale-element-reference-exception&#10;Build info: version: '4.33.0', revision: '2c6aaad03a'&#10;System info: os.name: 'Linux', os.arch: 'aarch64', os.version: '6.14.8-400.asahi.fc42.aarch64+16k', java.version: '25-ea'&#10;Driver info: org.openqa.selenium.firefox.FirefoxDriver&#10;Command: [c9d21c69-a940-4ce4-942b-b101ec89822f, clickElement {id=67848535-ac3b-4227-aa38-1cb840a0a8e0}]&#10;Capabilities {acceptInsecureCerts: true, browserName: firefox, browserVersion: 141.0.2, moz:accessibilityChecks: false, moz:buildID: 20250806111518, moz:geckodriverVersion: 0.34.0, moz:headless: false, moz:platformVersion: 6.14.8-400.asahi.fc42.aarch..., moz:processID: 32501, moz:profile: /tmp/rust_mozprofile5352L6, moz:shutdownTimeout: 60000, moz:webdriverClick: true, moz:windowless: false, pageLoadStrategy: normal, platformName: linux, proxy: Proxy(), setWindowRect: true, strictFileInteractability: false, timeouts: {implicit: 0, pageLoad: 300000, script: 30000}, unhandledPromptBehavior: dismiss and notify, userAgent: Mozilla/5.0 (X11; Linux x86...}&#10;Element: [[FirefoxDriver: firefox on linux (c9d21c69-a940-4ce4-942b-b101ec89822f)] -&gt; css selector: a.ico-login]&#10;Session ID: c9d21c69-a940-4ce4-942b-b101ec89822f" type="org.openqa.selenium.StaleElementReferenceException">org.openqa.selenium.StaleElementReferenceException: The element with the reference 67848535-ac3b-4227-aa38-1cb840a0a8e0 is stale; either its node document is not the active document, or it is no longer connected to the DOM
For documentation on this error, please visit: https://www.selenium.dev/documentation/webdriver/troubleshooting/errors#stale-element-reference-exception
Build info: version: '4.33.0', revision: '2c6aaad03a'
System info: os.name: 'Linux', os.arch: 'aarch64', os.version: '6.14.8-400.asahi.fc42.aarch64+16k', java.version: '25-ea'
Driver info: org.openqa.selenium.firefox.FirefoxDriver
Command: [c9d21c69-a940-4ce4-942b-b101ec89822f, clickElement {id=67848535-ac3b-4227-aa38-1cb840a0a8e0}]
Capabilities {acceptInsecureCerts: true, browserName: firefox, browserVersion: 141.0.2, moz:accessibilityChecks: false, moz:buildID: 20250806111518, moz:geckodriverVersion: 0.34.0, moz:headless: false, moz:platformVersion: 6.14.8-400.asahi.fc42.aarch..., moz:processID: 32501, moz:profile: /tmp/rust_mozprofile5352L6, moz:shutdownTimeout: 60000, moz:webdriverClick: true, moz:windowless: false, pageLoadStrategy: normal, platformName: linux, proxy: Proxy(), setWindowRect: true, strictFileInteractability: false, timeouts: {implicit: 0, pageLoad: 300000, script: 30000}, unhandledPromptBehavior: dismiss and notify, userAgent: Mozilla/5.0 (X11; Linux x86...}
Element: [[FirefoxDriver: firefox on linux (c9d21c69-a940-4ce4-942b-b101ec89822f)] -&gt; css selector: a.ico-login]
Session ID: c9d21c69-a940-4ce4-942b-b101ec89822f
	at java.base@25-ea/jdk.internal.reflect.DirectConstructorHandleAccessor.newInstance(DirectConstructorHandleAccessor.java:62)
	at java.base@25-ea/java.lang.reflect.Constructor.newInstanceWithCaller(Constructor.java:499)
	at java.base@25-ea/java.lang.reflect.Constructor.newInstance(Constructor.java:483)
	at app//org.openqa.selenium.remote.ErrorCodec.decode(ErrorCodec.java:167)
	at app//org.openqa.selenium.remote.codec.w3c.W3CHttpResponseCodec.decode(W3CHttpResponseCodec.java:138)
	at app//org.openqa.selenium.remote.codec.w3c.W3CHttpResponseCodec.decode(W3CHttpResponseCodec.java:50)
	at app//org.openqa.selenium.remote.HttpCommandExecutor.execute(HttpCommandExecutor.java:215)
	at app//org.openqa.selenium.remote.service.DriverCommandExecutor.invokeExecute(DriverCommandExecutor.java:216)
	at app//org.openqa.selenium.remote.service.DriverCommandExecutor.execute(DriverCommandExecutor.java:174)
	at app//org.openqa.selenium.remote.RemoteWebDriver.execute(RemoteWebDriver.java:544)
	at app//org.openqa.selenium.remote.RemoteWebElement.execute(RemoteWebElement.java:223)
	at app//org.openqa.selenium.remote.RemoteWebElement.click(RemoteWebElement.java:76)
	at java.base@25-ea/jdk.internal.reflect.DirectMethodHandleAccessor.invoke(DirectMethodHandleAccessor.java:104)
	at java.base@25-ea/java.lang.reflect.Method.invoke(Method.java:565)
	at app//org.openqa.selenium.support.decorators.WebDriverDecorator.call(WebDriverDecorator.java:315)
	at app//org.openqa.selenium.support.decorators.DefaultDecorated.call(DefaultDecorated.java:48)
	at app//org.openqa.selenium.support.decorators.WebDriverDecorator.lambda$createProxyFactory$3(WebDriverDecorator.java:405)
	at net.bytebuddy.renamed.java.lang.Object$ByteBuddy$2mFELSSU.click(Unknown Source)
	at app//steps.LoginSteps.clickLoginURL(LoginSteps.java:32)
	at ✽.the user is on the Demo Web Shop login page(file:///home/sayan/Documents/Demo-WebShop-Automation/src/test/features/Login.feature:7)
</failure>
  </testcase>
  <testcase name="runScenario[8](&quot;Login with different credentials&quot;, &quot;Login Functionality&quot;)" classname="Runner" time="30.242">
    <failure message="org.openqa.selenium.StaleElementReferenceException: The element with the reference 67848535-ac3b-4227-aa38-1cb840a0a8e0 is stale; either its node document is not the active document, or it is no longer connected to the DOM&#10;For documentation on this error, please visit: https://www.selenium.dev/documentation/webdriver/troubleshooting/errors#stale-element-reference-exception&#10;Build info: version: '4.33.0', revision: '2c6aaad03a'&#10;System info: os.name: 'Linux', os.arch: 'aarch64', os.version: '6.14.8-400.asahi.fc42.aarch64+16k', java.version: '25-ea'&#10;Driver info: org.openqa.selenium.firefox.FirefoxDriver&#10;Command: [c9d21c69-a940-4ce4-942b-b101ec89822f, clickElement {id=67848535-ac3b-4227-aa38-1cb840a0a8e0}]&#10;Capabilities {acceptInsecureCerts: true, browserName: firefox, browserVersion: 141.0.2, moz:accessibilityChecks: false, moz:buildID: 20250806111518, moz:geckodriverVersion: 0.34.0, moz:headless: false, moz:platformVersion: 6.14.8-400.asahi.fc42.aarch..., moz:processID: 32501, moz:profile: /tmp/rust_mozprofile5352L6, moz:shutdownTimeout: 60000, moz:webdriverClick: true, moz:windowless: false, pageLoadStrategy: normal, platformName: linux, proxy: Proxy(), setWindowRect: true, strictFileInteractability: false, timeouts: {implicit: 0, pageLoad: 300000, script: 30000}, unhandledPromptBehavior: dismiss and notify, userAgent: Mozilla/5.0 (X11; Linux x86...}&#10;Element: [[FirefoxDriver: firefox on linux (c9d21c69-a940-4ce4-942b-b101ec89822f)] -&gt; css selector: a.ico-login]&#10;Session ID: c9d21c69-a940-4ce4-942b-b101ec89822f" type="org.openqa.selenium.StaleElementReferenceException">org.openqa.selenium.StaleElementReferenceException: The element with the reference 67848535-ac3b-4227-aa38-1cb840a0a8e0 is stale; either its node document is not the active document, or it is no longer connected to the DOM
For documentation on this error, please visit: https://www.selenium.dev/documentation/webdriver/troubleshooting/errors#stale-element-reference-exception
Build info: version: '4.33.0', revision: '2c6aaad03a'
System info: os.name: 'Linux', os.arch: 'aarch64', os.version: '6.14.8-400.asahi.fc42.aarch64+16k', java.version: '25-ea'
Driver info: org.openqa.selenium.firefox.FirefoxDriver
Command: [c9d21c69-a940-4ce4-942b-b101ec89822f, clickElement {id=67848535-ac3b-4227-aa38-1cb840a0a8e0}]
Capabilities {acceptInsecureCerts: true, browserName: firefox, browserVersion: 141.0.2, moz:accessibilityChecks: false, moz:buildID: 20250806111518, moz:geckodriverVersion: 0.34.0, moz:headless: false, moz:platformVersion: 6.14.8-400.asahi.fc42.aarch..., moz:processID: 32501, moz:profile: /tmp/rust_mozprofile5352L6, moz:shutdownTimeout: 60000, moz:webdriverClick: true, moz:windowless: false, pageLoadStrategy: normal, platformName: linux, proxy: Proxy(), setWindowRect: true, strictFileInteractability: false, timeouts: {implicit: 0, pageLoad: 300000, script: 30000}, unhandledPromptBehavior: dismiss and notify, userAgent: Mozilla/5.0 (X11; Linux x86...}
Element: [[FirefoxDriver: firefox on linux (c9d21c69-a940-4ce4-942b-b101ec89822f)] -&gt; css selector: a.ico-login]
Session ID: c9d21c69-a940-4ce4-942b-b101ec89822f
	at java.base@25-ea/jdk.internal.reflect.DirectConstructorHandleAccessor.newInstance(DirectConstructorHandleAccessor.java:62)
	at java.base@25-ea/java.lang.reflect.Constructor.newInstanceWithCaller(Constructor.java:499)
	at java.base@25-ea/java.lang.reflect.Constructor.newInstance(Constructor.java:483)
	at app//org.openqa.selenium.remote.ErrorCodec.decode(ErrorCodec.java:167)
	at app//org.openqa.selenium.remote.codec.w3c.W3CHttpResponseCodec.decode(W3CHttpResponseCodec.java:138)
	at app//org.openqa.selenium.remote.codec.w3c.W3CHttpResponseCodec.decode(W3CHttpResponseCodec.java:50)
	at app//org.openqa.selenium.remote.HttpCommandExecutor.execute(HttpCommandExecutor.java:215)
	at app//org.openqa.selenium.remote.service.DriverCommandExecutor.invokeExecute(DriverCommandExecutor.java:216)
	at app//org.openqa.selenium.remote.service.DriverCommandExecutor.execute(DriverCommandExecutor.java:174)
	at app//org.openqa.selenium.remote.RemoteWebDriver.execute(RemoteWebDriver.java:544)
	at app//org.openqa.selenium.remote.RemoteWebElement.execute(RemoteWebElement.java:223)
	at app//org.openqa.selenium.remote.RemoteWebElement.click(RemoteWebElement.java:76)
	at java.base@25-ea/jdk.internal.reflect.DirectMethodHandleAccessor.invoke(DirectMethodHandleAccessor.java:104)
	at java.base@25-ea/java.lang.reflect.Method.invoke(Method.java:565)
	at app//org.openqa.selenium.support.decorators.WebDriverDecorator.call(WebDriverDecorator.java:315)
	at app//org.openqa.selenium.support.decorators.DefaultDecorated.call(DefaultDecorated.java:48)
	at app//org.openqa.selenium.support.decorators.WebDriverDecorator.lambda$createProxyFactory$3(WebDriverDecorator.java:405)
	at net.bytebuddy.renamed.java.lang.Object$ByteBuddy$2mFELSSU.click(Unknown Source)
	at app//steps.LoginSteps.clickLoginURL(LoginSteps.java:32)
	at ✽.the user is on the Demo Web Shop login page(file:///home/sayan/Documents/Demo-WebShop-Automation/src/test/features/Login.feature:7)
</failure>
  </testcase>
  <testcase name="runScenario[9](&quot;Login with different credentials&quot;, &quot;Login Functionality&quot;)" classname="Runner" time="30.345">
    <failure message="org.openqa.selenium.StaleElementReferenceException: The element with the reference 67848535-ac3b-4227-aa38-1cb840a0a8e0 is stale; either its node document is not the active document, or it is no longer connected to the DOM&#10;For documentation on this error, please visit: https://www.selenium.dev/documentation/webdriver/troubleshooting/errors#stale-element-reference-exception&#10;Build info: version: '4.33.0', revision: '2c6aaad03a'&#10;System info: os.name: 'Linux', os.arch: 'aarch64', os.version: '6.14.8-400.asahi.fc42.aarch64+16k', java.version: '25-ea'&#10;Driver info: org.openqa.selenium.firefox.FirefoxDriver&#10;Command: [c9d21c69-a940-4ce4-942b-b101ec89822f, clickElement {id=67848535-ac3b-4227-aa38-1cb840a0a8e0}]&#10;Capabilities {acceptInsecureCerts: true, browserName: firefox, browserVersion: 141.0.2, moz:accessibilityChecks: false, moz:buildID: 20250806111518, moz:geckodriverVersion: 0.34.0, moz:headless: false, moz:platformVersion: 6.14.8-400.asahi.fc42.aarch..., moz:processID: 32501, moz:profile: /tmp/rust_mozprofile5352L6, moz:shutdownTimeout: 60000, moz:webdriverClick: true, moz:windowless: false, pageLoadStrategy: normal, platformName: linux, proxy: Proxy(), setWindowRect: true, strictFileInteractability: false, timeouts: {implicit: 0, pageLoad: 300000, script: 30000}, unhandledPromptBehavior: dismiss and notify, userAgent: Mozilla/5.0 (X11; Linux x86...}&#10;Element: [[FirefoxDriver: firefox on linux (c9d21c69-a940-4ce4-942b-b101ec89822f)] -&gt; css selector: a.ico-login]&#10;Session ID: c9d21c69-a940-4ce4-942b-b101ec89822f" type="org.openqa.selenium.StaleElementReferenceException">org.openqa.selenium.StaleElementReferenceException: The element with the reference 67848535-ac3b-4227-aa38-1cb840a0a8e0 is stale; either its node document is not the active document, or it is no longer connected to the DOM
For documentation on this error, please visit: https://www.selenium.dev/documentation/webdriver/troubleshooting/errors#stale-element-reference-exception
Build info: version: '4.33.0', revision: '2c6aaad03a'
System info: os.name: 'Linux', os.arch: 'aarch64', os.version: '6.14.8-400.asahi.fc42.aarch64+16k', java.version: '25-ea'
Driver info: org.openqa.selenium.firefox.FirefoxDriver
Command: [c9d21c69-a940-4ce4-942b-b101ec89822f, clickElement {id=67848535-ac3b-4227-aa38-1cb840a0a8e0}]
Capabilities {acceptInsecureCerts: true, browserName: firefox, browserVersion: 141.0.2, moz:accessibilityChecks: false, moz:buildID: 20250806111518, moz:geckodriverVersion: 0.34.0, moz:headless: false, moz:platformVersion: 6.14.8-400.asahi.fc42.aarch..., moz:processID: 32501, moz:profile: /tmp/rust_mozprofile5352L6, moz:shutdownTimeout: 60000, moz:webdriverClick: true, moz:windowless: false, pageLoadStrategy: normal, platformName: linux, proxy: Proxy(), setWindowRect: true, strictFileInteractability: false, timeouts: {implicit: 0, pageLoad: 300000, script: 30000}, unhandledPromptBehavior: dismiss and notify, userAgent: Mozilla/5.0 (X11; Linux x86...}
Element: [[FirefoxDriver: firefox on linux (c9d21c69-a940-4ce4-942b-b101ec89822f)] -&gt; css selector: a.ico-login]
Session ID: c9d21c69-a940-4ce4-942b-b101ec89822f
	at java.base@25-ea/jdk.internal.reflect.DirectConstructorHandleAccessor.newInstance(DirectConstructorHandleAccessor.java:62)
	at java.base@25-ea/java.lang.reflect.Constructor.newInstanceWithCaller(Constructor.java:499)
	at java.base@25-ea/java.lang.reflect.Constructor.newInstance(Constructor.java:483)
	at app//org.openqa.selenium.remote.ErrorCodec.decode(ErrorCodec.java:167)
	at app//org.openqa.selenium.remote.codec.w3c.W3CHttpResponseCodec.decode(W3CHttpResponseCodec.java:138)
	at app//org.openqa.selenium.remote.codec.w3c.W3CHttpResponseCodec.decode(W3CHttpResponseCodec.java:50)
	at app//org.openqa.selenium.remote.HttpCommandExecutor.execute(HttpCommandExecutor.java:215)
	at app//org.openqa.selenium.remote.service.DriverCommandExecutor.invokeExecute(DriverCommandExecutor.java:216)
	at app//org.openqa.selenium.remote.service.DriverCommandExecutor.execute(DriverCommandExecutor.java:174)
	at app//org.openqa.selenium.remote.RemoteWebDriver.execute(RemoteWebDriver.java:544)
	at app//org.openqa.selenium.remote.RemoteWebElement.execute(RemoteWebElement.java:223)
	at app//org.openqa.selenium.remote.RemoteWebElement.click(RemoteWebElement.java:76)
	at java.base@25-ea/jdk.internal.reflect.DirectMethodHandleAccessor.invoke(DirectMethodHandleAccessor.java:104)
	at java.base@25-ea/java.lang.reflect.Method.invoke(Method.java:565)
	at app//org.openqa.selenium.support.decorators.WebDriverDecorator.call(WebDriverDecorator.java:315)
	at app//org.openqa.selenium.support.decorators.DefaultDecorated.call(DefaultDecorated.java:48)
	at app//org.openqa.selenium.support.decorators.WebDriverDecorator.lambda$createProxyFactory$3(WebDriverDecorator.java:405)
	at net.bytebuddy.renamed.java.lang.Object$ByteBuddy$2mFELSSU.click(Unknown Source)
	at app//steps.LoginSteps.clickLoginURL(LoginSteps.java:32)
	at ✽.the user is on the Demo Web Shop login page(file:///home/sayan/Documents/Demo-WebShop-Automation/src/test/features/Login.feature:7)
</failure>
  </testcase>
  <testcase name="runScenario[10](&quot;Password recovery functionality&quot;, &quot;Login Functionality&quot;)" classname="Runner" time="30.33">
    <failure message="org.openqa.selenium.StaleElementReferenceException: The element with the reference 67848535-ac3b-4227-aa38-1cb840a0a8e0 is stale; either its node document is not the active document, or it is no longer connected to the DOM&#10;For documentation on this error, please visit: https://www.selenium.dev/documentation/webdriver/troubleshooting/errors#stale-element-reference-exception&#10;Build info: version: '4.33.0', revision: '2c6aaad03a'&#10;System info: os.name: 'Linux', os.arch: 'aarch64', os.version: '6.14.8-400.asahi.fc42.aarch64+16k', java.version: '25-ea'&#10;Driver info: org.openqa.selenium.firefox.FirefoxDriver&#10;Command: [c9d21c69-a940-4ce4-942b-b101ec89822f, clickElement {id=67848535-ac3b-4227-aa38-1cb840a0a8e0}]&#10;Capabilities {acceptInsecureCerts: true, browserName: firefox, browserVersion: 141.0.2, moz:accessibilityChecks: false, moz:buildID: 20250806111518, moz:geckodriverVersion: 0.34.0, moz:headless: false, moz:platformVersion: 6.14.8-400.asahi.fc42.aarch..., moz:processID: 32501, moz:profile: /tmp/rust_mozprofile5352L6, moz:shutdownTimeout: 60000, moz:webdriverClick: true, moz:windowless: false, pageLoadStrategy: normal, platformName: linux, proxy: Proxy(), setWindowRect: true, strictFileInteractability: false, timeouts: {implicit: 0, pageLoad: 300000, script: 30000}, unhandledPromptBehavior: dismiss and notify, userAgent: Mozilla/5.0 (X11; Linux x86...}&#10;Element: [[FirefoxDriver: firefox on linux (c9d21c69-a940-4ce4-942b-b101ec89822f)] -&gt; css selector: a.ico-login]&#10;Session ID: c9d21c69-a940-4ce4-942b-b101ec89822f" type="org.openqa.selenium.StaleElementReferenceException">org.openqa.selenium.StaleElementReferenceException: The element with the reference 67848535-ac3b-4227-aa38-1cb840a0a8e0 is stale; either its node document is not the active document, or it is no longer connected to the DOM
For documentation on this error, please visit: https://www.selenium.dev/documentation/webdriver/troubleshooting/errors#stale-element-reference-exception
Build info: version: '4.33.0', revision: '2c6aaad03a'
System info: os.name: 'Linux', os.arch: 'aarch64', os.version: '6.14.8-400.asahi.fc42.aarch64+16k', java.version: '25-ea'
Driver info: org.openqa.selenium.firefox.FirefoxDriver
Command: [c9d21c69-a940-4ce4-942b-b101ec89822f, clickElement {id=67848535-ac3b-4227-aa38-1cb840a0a8e0}]
Capabilities {acceptInsecureCerts: true, browserName: firefox, browserVersion: 141.0.2, moz:accessibilityChecks: false, moz:buildID: 20250806111518, moz:geckodriverVersion: 0.34.0, moz:headless: false, moz:platformVersion: 6.14.8-400.asahi.fc42.aarch..., moz:processID: 32501, moz:profile: /tmp/rust_mozprofile5352L6, moz:shutdownTimeout: 60000, moz:webdriverClick: true, moz:windowless: false, pageLoadStrategy: normal, platformName: linux, proxy: Proxy(), setWindowRect: true, strictFileInteractability: false, timeouts: {implicit: 0, pageLoad: 300000, script: 30000}, unhandledPromptBehavior: dismiss and notify, userAgent: Mozilla/5.0 (X11; Linux x86...}
Element: [[FirefoxDriver: firefox on linux (c9d21c69-a940-4ce4-942b-b101ec89822f)] -&gt; css selector: a.ico-login]
Session ID: c9d21c69-a940-4ce4-942b-b101ec89822f
	at java.base@25-ea/jdk.internal.reflect.DirectConstructorHandleAccessor.newInstance(DirectConstructorHandleAccessor.java:62)
	at java.base@25-ea/java.lang.reflect.Constructor.newInstanceWithCaller(Constructor.java:499)
	at java.base@25-ea/java.lang.reflect.Constructor.newInstance(Constructor.java:483)
	at app//org.openqa.selenium.remote.ErrorCodec.decode(ErrorCodec.java:167)
	at app//org.openqa.selenium.remote.codec.w3c.W3CHttpResponseCodec.decode(W3CHttpResponseCodec.java:138)
	at app//org.openqa.selenium.remote.codec.w3c.W3CHttpResponseCodec.decode(W3CHttpResponseCodec.java:50)
	at app//org.openqa.selenium.remote.HttpCommandExecutor.execute(HttpCommandExecutor.java:215)
	at app//org.openqa.selenium.remote.service.DriverCommandExecutor.invokeExecute(DriverCommandExecutor.java:216)
	at app//org.openqa.selenium.remote.service.DriverCommandExecutor.execute(DriverCommandExecutor.java:174)
	at app//org.openqa.selenium.remote.RemoteWebDriver.execute(RemoteWebDriver.java:544)
	at app//org.openqa.selenium.remote.RemoteWebElement.execute(RemoteWebElement.java:223)
	at app//org.openqa.selenium.remote.RemoteWebElement.click(RemoteWebElement.java:76)
	at java.base@25-ea/jdk.internal.reflect.DirectMethodHandleAccessor.invoke(DirectMethodHandleAccessor.java:104)
	at java.base@25-ea/java.lang.reflect.Method.invoke(Method.java:565)
	at app//org.openqa.selenium.support.decorators.WebDriverDecorator.call(WebDriverDecorator.java:315)
	at app//org.openqa.selenium.support.decorators.DefaultDecorated.call(DefaultDecorated.java:48)
	at app//org.openqa.selenium.support.decorators.WebDriverDecorator.lambda$createProxyFactory$3(WebDriverDecorator.java:405)
	at net.bytebuddy.renamed.java.lang.Object$ByteBuddy$2mFELSSU.click(Unknown Source)
	at app//steps.LoginSteps.clickLoginURL(LoginSteps.java:32)
	at ✽.the user is on the Demo Web Shop login page(file:///home/sayan/Documents/Demo-WebShop-Automation/src/test/features/Login.feature:7)
</failure>
  </testcase>
  <system-out><![CDATA[
Scenario: User sees correct window title after navigating to url                   # src/test/features/Home.feature:3
  When the user is on the home page, then the window title should be Demo Web Shop # steps.HomeStep.getTitle()

Scenario: Successful login with valid credentials   # src/test/features/Login.feature:9
Clicking on element: [[FirefoxDriver: firefox on linux (c9d21c69-a940-4ce4-942b-b101ec89822f)] -> css selector: a.ico-login]
Clicked on element: [[FirefoxDriver: firefox on linux (c9d21c69-a940-4ce4-942b-b101ec89822f)] -> css selector: a.ico-login]
  Given the user is on the Demo Web Shop login page # steps.LoginSteps.clickLoginURL()
Sending keys to element: [[FirefoxDriver: firefox on linux (c9d21c69-a940-4ce4-942b-b101ec89822f)] -> css selector: input.email] - Keys: test@example.com
Sent keys to element: [[FirefoxDriver: firefox on linux (c9d21c69-a940-4ce4-942b-b101ec89822f)] -> css selector: input.email] - Keys: test@example.com
  When the user enters valid email address          # steps.LoginSteps.enterValidEmail()
Sending keys to element: [[FirefoxDriver: firefox on linux (c9d21c69-a940-4ce4-942b-b101ec89822f)] -> css selector: input.password] - Keys: password123
Sent keys to element: [[FirefoxDriver: firefox on linux (c9d21c69-a940-4ce4-942b-b101ec89822f)] -> css selector: input.password] - Keys: password123
  And the user enters valid password                # steps.LoginSteps.enterValidPassword()
Clicking on element: [[FirefoxDriver: firefox on linux (c9d21c69-a940-4ce4-942b-b101ec89822f)] -> css selector: input.button-1.login-button]
Clicked on element: [[FirefoxDriver: firefox on linux (c9d21c69-a940-4ce4-942b-b101ec89822f)] -> css selector: input.button-1.login-button]
  And the user clicks on the login button           # steps.LoginSteps.clickLoginButton()
  Then the user should be logged in successfully    # steps.LoginSteps.verifySuccessfulLogin()

Scenario: Failed login with invalid email           # src/test/features/Login.feature:15
Clicking on element: [[FirefoxDriver: firefox on linux (c9d21c69-a940-4ce4-942b-b101ec89822f)] -> css selector: a.ico-login]
  Given the user is on the Demo Web Shop login page # steps.LoginSteps.clickLoginURL()
      org.openqa.selenium.StaleElementReferenceException: The element with the reference 67848535-ac3b-4227-aa38-1cb840a0a8e0 is stale; either its node document is not the active document, or it is no longer connected to the DOM
      For documentation on this error, please visit: https://www.selenium.dev/documentation/webdriver/troubleshooting/errors#stale-element-reference-exception
      Build info: version: '4.33.0', revision: '2c6aaad03a'
      System info: os.name: 'Linux', os.arch: 'aarch64', os.version: '6.14.8-400.asahi.fc42.aarch64+16k', java.version: '25-ea'
      Driver info: org.openqa.selenium.firefox.FirefoxDriver
      Command: [c9d21c69-a940-4ce4-942b-b101ec89822f, clickElement {id=67848535-ac3b-4227-aa38-1cb840a0a8e0}]
      Capabilities {acceptInsecureCerts: true, browserName: firefox, browserVersion: 141.0.2, moz:accessibilityChecks: false, moz:buildID: 20250806111518, moz:geckodriverVersion: 0.34.0, moz:headless: false, moz:platformVersion: 6.14.8-400.asahi.fc42.aarch..., moz:processID: 32501, moz:profile: /tmp/rust_mozprofile5352L6, moz:shutdownTimeout: 60000, moz:webdriverClick: true, moz:windowless: false, pageLoadStrategy: normal, platformName: linux, proxy: Proxy(), setWindowRect: true, strictFileInteractability: false, timeouts: {implicit: 0, pageLoad: 300000, script: 30000}, unhandledPromptBehavior: dismiss and notify, userAgent: Mozilla/5.0 (X11; Linux x86...}
      Element: [[FirefoxDriver: firefox on linux (c9d21c69-a940-4ce4-942b-b101ec89822f)] -> css selector: a.ico-login]
      Session ID: c9d21c69-a940-4ce4-942b-b101ec89822f
      	at java.base/jdk.internal.reflect.DirectConstructorHandleAccessor.newInstance(DirectConstructorHandleAccessor.java:62)
      	at java.base/java.lang.reflect.Constructor.newInstanceWithCaller(Constructor.java:499)
      	at java.base/java.lang.reflect.Constructor.newInstance(Constructor.java:483)
      	at org.openqa.selenium.remote.ErrorCodec.decode(ErrorCodec.java:167)
      	at org.openqa.selenium.remote.codec.w3c.W3CHttpResponseCodec.decode(W3CHttpResponseCodec.java:138)
      	at org.openqa.selenium.remote.codec.w3c.W3CHttpResponseCodec.decode(W3CHttpResponseCodec.java:50)
      	at org.openqa.selenium.remote.HttpCommandExecutor.execute(HttpCommandExecutor.java:215)
      	at org.openqa.selenium.remote.service.DriverCommandExecutor.invokeExecute(DriverCommandExecutor.java:216)
      	at org.openqa.selenium.remote.service.DriverCommandExecutor.execute(DriverCommandExecutor.java:174)
      	at org.openqa.selenium.remote.RemoteWebDriver.execute(RemoteWebDriver.java:544)
      	at org.openqa.selenium.remote.RemoteWebElement.execute(RemoteWebElement.java:223)
      	at org.openqa.selenium.remote.RemoteWebElement.click(RemoteWebElement.java:76)
      	at java.base/jdk.internal.reflect.DirectMethodHandleAccessor.invoke(DirectMethodHandleAccessor.java:104)
      	at java.base/java.lang.reflect.Method.invoke(Method.java:565)
      	at org.openqa.selenium.support.decorators.WebDriverDecorator.call(WebDriverDecorator.java:315)
      	at org.openqa.selenium.support.decorators.DefaultDecorated.call(DefaultDecorated.java:48)
      	at org.openqa.selenium.support.decorators.WebDriverDecorator.lambda$createProxyFactory$3(WebDriverDecorator.java:405)
      	at net.bytebuddy.renamed.java.lang.Object$ByteBuddy$2mFELSSU.click(Unknown Source)
      	at steps.LoginSteps.clickLoginURL(LoginSteps.java:32)
      	at ✽.the user is on the Demo Web Shop login page(file:///home/sayan/Documents/Demo-WebShop-Automation/src/test/features/Login.feature:7)
  When the user enters invalid email address
  And the user enters valid password                # steps.LoginSteps.enterValidPassword()
  And the user clicks on the login button           # steps.LoginSteps.clickLoginButton()
  Then the user should see an error message
  And the user should remain on the login page

Scenario: Failed login with invalid password        # src/test/features/Login.feature:22
Clicking on element: [[FirefoxDriver: firefox on linux (c9d21c69-a940-4ce4-942b-b101ec89822f)] -> css selector: a.ico-login]
  Given the user is on the Demo Web Shop login page # steps.LoginSteps.clickLoginURL()
      org.openqa.selenium.StaleElementReferenceException: The element with the reference 67848535-ac3b-4227-aa38-1cb840a0a8e0 is stale; either its node document is not the active document, or it is no longer connected to the DOM
      For documentation on this error, please visit: https://www.selenium.dev/documentation/webdriver/troubleshooting/errors#stale-element-reference-exception
      Build info: version: '4.33.0', revision: '2c6aaad03a'
      System info: os.name: 'Linux', os.arch: 'aarch64', os.version: '6.14.8-400.asahi.fc42.aarch64+16k', java.version: '25-ea'
      Driver info: org.openqa.selenium.firefox.FirefoxDriver
      Command: [c9d21c69-a940-4ce4-942b-b101ec89822f, clickElement {id=67848535-ac3b-4227-aa38-1cb840a0a8e0}]
      Capabilities {acceptInsecureCerts: true, browserName: firefox, browserVersion: 141.0.2, moz:accessibilityChecks: false, moz:buildID: 20250806111518, moz:geckodriverVersion: 0.34.0, moz:headless: false, moz:platformVersion: 6.14.8-400.asahi.fc42.aarch..., moz:processID: 32501, moz:profile: /tmp/rust_mozprofile5352L6, moz:shutdownTimeout: 60000, moz:webdriverClick: true, moz:windowless: false, pageLoadStrategy: normal, platformName: linux, proxy: Proxy(), setWindowRect: true, strictFileInteractability: false, timeouts: {implicit: 0, pageLoad: 300000, script: 30000}, unhandledPromptBehavior: dismiss and notify, userAgent: Mozilla/5.0 (X11; Linux x86...}
      Element: [[FirefoxDriver: firefox on linux (c9d21c69-a940-4ce4-942b-b101ec89822f)] -> css selector: a.ico-login]
      Session ID: c9d21c69-a940-4ce4-942b-b101ec89822f
      	at java.base/jdk.internal.reflect.DirectConstructorHandleAccessor.newInstance(DirectConstructorHandleAccessor.java:62)
      	at java.base/java.lang.reflect.Constructor.newInstanceWithCaller(Constructor.java:499)
      	at java.base/java.lang.reflect.Constructor.newInstance(Constructor.java:483)
      	at org.openqa.selenium.remote.ErrorCodec.decode(ErrorCodec.java:167)
      	at org.openqa.selenium.remote.codec.w3c.W3CHttpResponseCodec.decode(W3CHttpResponseCodec.java:138)
      	at org.openqa.selenium.remote.codec.w3c.W3CHttpResponseCodec.decode(W3CHttpResponseCodec.java:50)
      	at org.openqa.selenium.remote.HttpCommandExecutor.execute(HttpCommandExecutor.java:215)
      	at org.openqa.selenium.remote.service.DriverCommandExecutor.invokeExecute(DriverCommandExecutor.java:216)
      	at org.openqa.selenium.remote.service.DriverCommandExecutor.execute(DriverCommandExecutor.java:174)
      	at org.openqa.selenium.remote.RemoteWebDriver.execute(RemoteWebDriver.java:544)
      	at org.openqa.selenium.remote.RemoteWebElement.execute(RemoteWebElement.java:223)
      	at org.openqa.selenium.remote.RemoteWebElement.click(RemoteWebElement.java:76)
      	at java.base/jdk.internal.reflect.DirectMethodHandleAccessor.invoke(DirectMethodHandleAccessor.java:104)
      	at java.base/java.lang.reflect.Method.invoke(Method.java:565)
      	at org.openqa.selenium.support.decorators.WebDriverDecorator.call(WebDriverDecorator.java:315)
      	at org.openqa.selenium.support.decorators.DefaultDecorated.call(DefaultDecorated.java:48)
      	at org.openqa.selenium.support.decorators.WebDriverDecorator.lambda$createProxyFactory$3(WebDriverDecorator.java:405)
      	at net.bytebuddy.renamed.java.lang.Object$ByteBuddy$2mFELSSU.click(Unknown Source)
      	at steps.LoginSteps.clickLoginURL(LoginSteps.java:32)
      	at ✽.the user is on the Demo Web Shop login page(file:///home/sayan/Documents/Demo-WebShop-Automation/src/test/features/Login.feature:7)
  When the user enters valid email address          # steps.LoginSteps.enterValidEmail()
  And the user enters invalid password
  And the user clicks on the login button           # steps.LoginSteps.clickLoginButton()
  Then the user should see an error message
  And the user should remain on the login page

Scenario: Failed login with empty fields             # src/test/features/Login.feature:29
Clicking on element: [[FirefoxDriver: firefox on linux (c9d21c69-a940-4ce4-942b-b101ec89822f)] -> css selector: a.ico-login]
  Given the user is on the Demo Web Shop login page  # steps.LoginSteps.clickLoginURL()
      org.openqa.selenium.StaleElementReferenceException: The element with the reference 67848535-ac3b-4227-aa38-1cb840a0a8e0 is stale; either its node document is not the active document, or it is no longer connected to the DOM
      For documentation on this error, please visit: https://www.selenium.dev/documentation/webdriver/troubleshooting/errors#stale-element-reference-exception
      Build info: version: '4.33.0', revision: '2c6aaad03a'
      System info: os.name: 'Linux', os.arch: 'aarch64', os.version: '6.14.8-400.asahi.fc42.aarch64+16k', java.version: '25-ea'
      Driver info: org.openqa.selenium.firefox.FirefoxDriver
      Command: [c9d21c69-a940-4ce4-942b-b101ec89822f, clickElement {id=67848535-ac3b-4227-aa38-1cb840a0a8e0}]
      Capabilities {acceptInsecureCerts: true, browserName: firefox, browserVersion: 141.0.2, moz:accessibilityChecks: false, moz:buildID: 20250806111518, moz:geckodriverVersion: 0.34.0, moz:headless: false, moz:platformVersion: 6.14.8-400.asahi.fc42.aarch..., moz:processID: 32501, moz:profile: /tmp/rust_mozprofile5352L6, moz:shutdownTimeout: 60000, moz:webdriverClick: true, moz:windowless: false, pageLoadStrategy: normal, platformName: linux, proxy: Proxy(), setWindowRect: true, strictFileInteractability: false, timeouts: {implicit: 0, pageLoad: 300000, script: 30000}, unhandledPromptBehavior: dismiss and notify, userAgent: Mozilla/5.0 (X11; Linux x86...}
      Element: [[FirefoxDriver: firefox on linux (c9d21c69-a940-4ce4-942b-b101ec89822f)] -> css selector: a.ico-login]
      Session ID: c9d21c69-a940-4ce4-942b-b101ec89822f
      	at java.base/jdk.internal.reflect.DirectConstructorHandleAccessor.newInstance(DirectConstructorHandleAccessor.java:62)
      	at java.base/java.lang.reflect.Constructor.newInstanceWithCaller(Constructor.java:499)
      	at java.base/java.lang.reflect.Constructor.newInstance(Constructor.java:483)
      	at org.openqa.selenium.remote.ErrorCodec.decode(ErrorCodec.java:167)
      	at org.openqa.selenium.remote.codec.w3c.W3CHttpResponseCodec.decode(W3CHttpResponseCodec.java:138)
      	at org.openqa.selenium.remote.codec.w3c.W3CHttpResponseCodec.decode(W3CHttpResponseCodec.java:50)
      	at org.openqa.selenium.remote.HttpCommandExecutor.execute(HttpCommandExecutor.java:215)
      	at org.openqa.selenium.remote.service.DriverCommandExecutor.invokeExecute(DriverCommandExecutor.java:216)
      	at org.openqa.selenium.remote.service.DriverCommandExecutor.execute(DriverCommandExecutor.java:174)
      	at org.openqa.selenium.remote.RemoteWebDriver.execute(RemoteWebDriver.java:544)
      	at org.openqa.selenium.remote.RemoteWebElement.execute(RemoteWebElement.java:223)
      	at org.openqa.selenium.remote.RemoteWebElement.click(RemoteWebElement.java:76)
      	at java.base/jdk.internal.reflect.DirectMethodHandleAccessor.invoke(DirectMethodHandleAccessor.java:104)
      	at java.base/java.lang.reflect.Method.invoke(Method.java:565)
      	at org.openqa.selenium.support.decorators.WebDriverDecorator.call(WebDriverDecorator.java:315)
      	at org.openqa.selenium.support.decorators.DefaultDecorated.call(DefaultDecorated.java:48)
      	at org.openqa.selenium.support.decorators.WebDriverDecorator.lambda$createProxyFactory$3(WebDriverDecorator.java:405)
      	at net.bytebuddy.renamed.java.lang.Object$ByteBuddy$2mFELSSU.click(Unknown Source)
      	at steps.LoginSteps.clickLoginURL(LoginSteps.java:32)
      	at ✽.the user is on the Demo Web Shop login page(file:///home/sayan/Documents/Demo-WebShop-Automation/src/test/features/Login.feature:7)
  When the user leaves the email field empty
  And the user leaves the password field empty
  And the user clicks on the login button            # steps.LoginSteps.clickLoginButton()
  Then the user should see validation error messages
  And the user should remain on the login page

Scenario: Remember me functionality                               # src/test/features/Login.feature:36
Clicking on element: [[FirefoxDriver: firefox on linux (c9d21c69-a940-4ce4-942b-b101ec89822f)] -> css selector: a.ico-login]
  Given the user is on the Demo Web Shop login page               # steps.LoginSteps.clickLoginURL()
      org.openqa.selenium.StaleElementReferenceException: The element with the reference 67848535-ac3b-4227-aa38-1cb840a0a8e0 is stale; either its node document is not the active document, or it is no longer connected to the DOM
      For documentation on this error, please visit: https://www.selenium.dev/documentation/webdriver/troubleshooting/errors#stale-element-reference-exception
      Build info: version: '4.33.0', revision: '2c6aaad03a'
      System info: os.name: 'Linux', os.arch: 'aarch64', os.version: '6.14.8-400.asahi.fc42.aarch64+16k', java.version: '25-ea'
      Driver info: org.openqa.selenium.firefox.FirefoxDriver
      Command: [c9d21c69-a940-4ce4-942b-b101ec89822f, clickElement {id=67848535-ac3b-4227-aa38-1cb840a0a8e0}]
      Capabilities {acceptInsecureCerts: true, browserName: firefox, browserVersion: 141.0.2, moz:accessibilityChecks: false, moz:buildID: 20250806111518, moz:geckodriverVersion: 0.34.0, moz:headless: false, moz:platformVersion: 6.14.8-400.asahi.fc42.aarch..., moz:processID: 32501, moz:profile: /tmp/rust_mozprofile5352L6, moz:shutdownTimeout: 60000, moz:webdriverClick: true, moz:windowless: false, pageLoadStrategy: normal, platformName: linux, proxy: Proxy(), setWindowRect: true, strictFileInteractability: false, timeouts: {implicit: 0, pageLoad: 300000, script: 30000}, unhandledPromptBehavior: dismiss and notify, userAgent: Mozilla/5.0 (X11; Linux x86...}
      Element: [[FirefoxDriver: firefox on linux (c9d21c69-a940-4ce4-942b-b101ec89822f)] -> css selector: a.ico-login]
      Session ID: c9d21c69-a940-4ce4-942b-b101ec89822f
      	at java.base/jdk.internal.reflect.DirectConstructorHandleAccessor.newInstance(DirectConstructorHandleAccessor.java:62)
      	at java.base/java.lang.reflect.Constructor.newInstanceWithCaller(Constructor.java:499)
      	at java.base/java.lang.reflect.Constructor.newInstance(Constructor.java:483)
      	at org.openqa.selenium.remote.ErrorCodec.decode(ErrorCodec.java:167)
      	at org.openqa.selenium.remote.codec.w3c.W3CHttpResponseCodec.decode(W3CHttpResponseCodec.java:138)
      	at org.openqa.selenium.remote.codec.w3c.W3CHttpResponseCodec.decode(W3CHttpResponseCodec.java:50)
      	at org.openqa.selenium.remote.HttpCommandExecutor.execute(HttpCommandExecutor.java:215)
      	at org.openqa.selenium.remote.service.DriverCommandExecutor.invokeExecute(DriverCommandExecutor.java:216)
      	at org.openqa.selenium.remote.service.DriverCommandExecutor.execute(DriverCommandExecutor.java:174)
      	at org.openqa.selenium.remote.RemoteWebDriver.execute(RemoteWebDriver.java:544)
      	at org.openqa.selenium.remote.RemoteWebElement.execute(RemoteWebElement.java:223)
      	at org.openqa.selenium.remote.RemoteWebElement.click(RemoteWebElement.java:76)
      	at java.base/jdk.internal.reflect.DirectMethodHandleAccessor.invoke(DirectMethodHandleAccessor.java:104)
      	at java.base/java.lang.reflect.Method.invoke(Method.java:565)
      	at org.openqa.selenium.support.decorators.WebDriverDecorator.call(WebDriverDecorator.java:315)
      	at org.openqa.selenium.support.decorators.DefaultDecorated.call(DefaultDecorated.java:48)
      	at org.openqa.selenium.support.decorators.WebDriverDecorator.lambda$createProxyFactory$3(WebDriverDecorator.java:405)
      	at net.bytebuddy.renamed.java.lang.Object$ByteBuddy$2mFELSSU.click(Unknown Source)
      	at steps.LoginSteps.clickLoginURL(LoginSteps.java:32)
      	at ✽.the user is on the Demo Web Shop login page(file:///home/sayan/Documents/Demo-WebShop-Automation/src/test/features/Login.feature:7)
  When the user enters valid email address                        # steps.LoginSteps.enterValidEmail()
  And the user enters valid password                              # steps.LoginSteps.enterValidPassword()
  And the user checks the "Remember me" checkbox
  And the user clicks on the login button                         # steps.LoginSteps.clickLoginButton()
  And the user logs out
  And the user navigates to the login page again
  Then the email field should be pre-filled with the user's email

Scenario Outline: Login with different credentials  # src/test/features/Login.feature:53
Clicking on element: [[FirefoxDriver: firefox on linux (c9d21c69-a940-4ce4-942b-b101ec89822f)] -> css selector: a.ico-login]
  Given the user is on the Demo Web Shop login page # steps.LoginSteps.clickLoginURL()
      org.openqa.selenium.StaleElementReferenceException: The element with the reference 67848535-ac3b-4227-aa38-1cb840a0a8e0 is stale; either its node document is not the active document, or it is no longer connected to the DOM
      For documentation on this error, please visit: https://www.selenium.dev/documentation/webdriver/troubleshooting/errors#stale-element-reference-exception
      Build info: version: '4.33.0', revision: '2c6aaad03a'
      System info: os.name: 'Linux', os.arch: 'aarch64', os.version: '6.14.8-400.asahi.fc42.aarch64+16k', java.version: '25-ea'
      Driver info: org.openqa.selenium.firefox.FirefoxDriver
      Command: [c9d21c69-a940-4ce4-942b-b101ec89822f, clickElement {id=67848535-ac3b-4227-aa38-1cb840a0a8e0}]
      Capabilities {acceptInsecureCerts: true, browserName: firefox, browserVersion: 141.0.2, moz:accessibilityChecks: false, moz:buildID: 20250806111518, moz:geckodriverVersion: 0.34.0, moz:headless: false, moz:platformVersion: 6.14.8-400.asahi.fc42.aarch..., moz:processID: 32501, moz:profile: /tmp/rust_mozprofile5352L6, moz:shutdownTimeout: 60000, moz:webdriverClick: true, moz:windowless: false, pageLoadStrategy: normal, platformName: linux, proxy: Proxy(), setWindowRect: true, strictFileInteractability: false, timeouts: {implicit: 0, pageLoad: 300000, script: 30000}, unhandledPromptBehavior: dismiss and notify, userAgent: Mozilla/5.0 (X11; Linux x86...}
      Element: [[FirefoxDriver: firefox on linux (c9d21c69-a940-4ce4-942b-b101ec89822f)] -> css selector: a.ico-login]
      Session ID: c9d21c69-a940-4ce4-942b-b101ec89822f
      	at java.base/jdk.internal.reflect.DirectConstructorHandleAccessor.newInstance(DirectConstructorHandleAccessor.java:62)
      	at java.base/java.lang.reflect.Constructor.newInstanceWithCaller(Constructor.java:499)
      	at java.base/java.lang.reflect.Constructor.newInstance(Constructor.java:483)
      	at org.openqa.selenium.remote.ErrorCodec.decode(ErrorCodec.java:167)
      	at org.openqa.selenium.remote.codec.w3c.W3CHttpResponseCodec.decode(W3CHttpResponseCodec.java:138)
      	at org.openqa.selenium.remote.codec.w3c.W3CHttpResponseCodec.decode(W3CHttpResponseCodec.java:50)
      	at org.openqa.selenium.remote.HttpCommandExecutor.execute(HttpCommandExecutor.java:215)
      	at org.openqa.selenium.remote.service.DriverCommandExecutor.invokeExecute(DriverCommandExecutor.java:216)
      	at org.openqa.selenium.remote.service.DriverCommandExecutor.execute(DriverCommandExecutor.java:174)
      	at org.openqa.selenium.remote.RemoteWebDriver.execute(RemoteWebDriver.java:544)
      	at org.openqa.selenium.remote.RemoteWebElement.execute(RemoteWebElement.java:223)
      	at org.openqa.selenium.remote.RemoteWebElement.click(RemoteWebElement.java:76)
      	at java.base/jdk.internal.reflect.DirectMethodHandleAccessor.invoke(DirectMethodHandleAccessor.java:104)
      	at java.base/java.lang.reflect.Method.invoke(Method.java:565)
      	at org.openqa.selenium.support.decorators.WebDriverDecorator.call(WebDriverDecorator.java:315)
      	at org.openqa.selenium.support.decorators.DefaultDecorated.call(DefaultDecorated.java:48)
      	at org.openqa.selenium.support.decorators.WebDriverDecorator.lambda$createProxyFactory$3(WebDriverDecorator.java:405)
      	at net.bytebuddy.renamed.java.lang.Object$ByteBuddy$2mFELSSU.click(Unknown Source)
      	at steps.LoginSteps.clickLoginURL(LoginSteps.java:32)
      	at ✽.the user is on the Demo Web Shop login page(file:///home/sayan/Documents/Demo-WebShop-Automation/src/test/features/Login.feature:7)
  When the user enters "valid@example.com" as email
  And the user enters "valid_pass" as password
  And the user clicks on the login button           # steps.LoginSteps.clickLoginButton()
  Then the login status should be "success"

Scenario Outline: Login with different credentials    # src/test/features/Login.feature:54
Clicking on element: [[FirefoxDriver: firefox on linux (c9d21c69-a940-4ce4-942b-b101ec89822f)] -> css selector: a.ico-login]
  Given the user is on the Demo Web Shop login page   # steps.LoginSteps.clickLoginURL()
      org.openqa.selenium.StaleElementReferenceException: The element with the reference 67848535-ac3b-4227-aa38-1cb840a0a8e0 is stale; either its node document is not the active document, or it is no longer connected to the DOM
      For documentation on this error, please visit: https://www.selenium.dev/documentation/webdriver/troubleshooting/errors#stale-element-reference-exception
      Build info: version: '4.33.0', revision: '2c6aaad03a'
      System info: os.name: 'Linux', os.arch: 'aarch64', os.version: '6.14.8-400.asahi.fc42.aarch64+16k', java.version: '25-ea'
      Driver info: org.openqa.selenium.firefox.FirefoxDriver
      Command: [c9d21c69-a940-4ce4-942b-b101ec89822f, clickElement {id=67848535-ac3b-4227-aa38-1cb840a0a8e0}]
      Capabilities {acceptInsecureCerts: true, browserName: firefox, browserVersion: 141.0.2, moz:accessibilityChecks: false, moz:buildID: 20250806111518, moz:geckodriverVersion: 0.34.0, moz:headless: false, moz:platformVersion: 6.14.8-400.asahi.fc42.aarch..., moz:processID: 32501, moz:profile: /tmp/rust_mozprofile5352L6, moz:shutdownTimeout: 60000, moz:webdriverClick: true, moz:windowless: false, pageLoadStrategy: normal, platformName: linux, proxy: Proxy(), setWindowRect: true, strictFileInteractability: false, timeouts: {implicit: 0, pageLoad: 300000, script: 30000}, unhandledPromptBehavior: dismiss and notify, userAgent: Mozilla/5.0 (X11; Linux x86...}
      Element: [[FirefoxDriver: firefox on linux (c9d21c69-a940-4ce4-942b-b101ec89822f)] -> css selector: a.ico-login]
      Session ID: c9d21c69-a940-4ce4-942b-b101ec89822f
      	at java.base/jdk.internal.reflect.DirectConstructorHandleAccessor.newInstance(DirectConstructorHandleAccessor.java:62)
      	at java.base/java.lang.reflect.Constructor.newInstanceWithCaller(Constructor.java:499)
      	at java.base/java.lang.reflect.Constructor.newInstance(Constructor.java:483)
      	at org.openqa.selenium.remote.ErrorCodec.decode(ErrorCodec.java:167)
      	at org.openqa.selenium.remote.codec.w3c.W3CHttpResponseCodec.decode(W3CHttpResponseCodec.java:138)
      	at org.openqa.selenium.remote.codec.w3c.W3CHttpResponseCodec.decode(W3CHttpResponseCodec.java:50)
      	at org.openqa.selenium.remote.HttpCommandExecutor.execute(HttpCommandExecutor.java:215)
      	at org.openqa.selenium.remote.service.DriverCommandExecutor.invokeExecute(DriverCommandExecutor.java:216)
      	at org.openqa.selenium.remote.service.DriverCommandExecutor.execute(DriverCommandExecutor.java:174)
      	at org.openqa.selenium.remote.RemoteWebDriver.execute(RemoteWebDriver.java:544)
      	at org.openqa.selenium.remote.RemoteWebElement.execute(RemoteWebElement.java:223)
      	at org.openqa.selenium.remote.RemoteWebElement.click(RemoteWebElement.java:76)
      	at java.base/jdk.internal.reflect.DirectMethodHandleAccessor.invoke(DirectMethodHandleAccessor.java:104)
      	at java.base/java.lang.reflect.Method.invoke(Method.java:565)
      	at org.openqa.selenium.support.decorators.WebDriverDecorator.call(WebDriverDecorator.java:315)
      	at org.openqa.selenium.support.decorators.DefaultDecorated.call(DefaultDecorated.java:48)
      	at org.openqa.selenium.support.decorators.WebDriverDecorator.lambda$createProxyFactory$3(WebDriverDecorator.java:405)
      	at net.bytebuddy.renamed.java.lang.Object$ByteBuddy$2mFELSSU.click(Unknown Source)
      	at steps.LoginSteps.clickLoginURL(LoginSteps.java:32)
      	at ✽.the user is on the Demo Web Shop login page(file:///home/sayan/Documents/Demo-WebShop-Automation/src/test/features/Login.feature:7)
  When the user enters "invalid@example.com" as email
  And the user enters "valid_pass" as password
  And the user clicks on the login button             # steps.LoginSteps.clickLoginButton()
  Then the login status should be "failure"

Scenario Outline: Login with different credentials  # src/test/features/Login.feature:55
Clicking on element: [[FirefoxDriver: firefox on linux (c9d21c69-a940-4ce4-942b-b101ec89822f)] -> css selector: a.ico-login]
  Given the user is on the Demo Web Shop login page # steps.LoginSteps.clickLoginURL()
      org.openqa.selenium.StaleElementReferenceException: The element with the reference 67848535-ac3b-4227-aa38-1cb840a0a8e0 is stale; either its node document is not the active document, or it is no longer connected to the DOM
      For documentation on this error, please visit: https://www.selenium.dev/documentation/webdriver/troubleshooting/errors#stale-element-reference-exception
      Build info: version: '4.33.0', revision: '2c6aaad03a'
      System info: os.name: 'Linux', os.arch: 'aarch64', os.version: '6.14.8-400.asahi.fc42.aarch64+16k', java.version: '25-ea'
      Driver info: org.openqa.selenium.firefox.FirefoxDriver
      Command: [c9d21c69-a940-4ce4-942b-b101ec89822f, clickElement {id=67848535-ac3b-4227-aa38-1cb840a0a8e0}]
      Capabilities {acceptInsecureCerts: true, browserName: firefox, browserVersion: 141.0.2, moz:accessibilityChecks: false, moz:buildID: 20250806111518, moz:geckodriverVersion: 0.34.0, moz:headless: false, moz:platformVersion: 6.14.8-400.asahi.fc42.aarch..., moz:processID: 32501, moz:profile: /tmp/rust_mozprofile5352L6, moz:shutdownTimeout: 60000, moz:webdriverClick: true, moz:windowless: false, pageLoadStrategy: normal, platformName: linux, proxy: Proxy(), setWindowRect: true, strictFileInteractability: false, timeouts: {implicit: 0, pageLoad: 300000, script: 30000}, unhandledPromptBehavior: dismiss and notify, userAgent: Mozilla/5.0 (X11; Linux x86...}
      Element: [[FirefoxDriver: firefox on linux (c9d21c69-a940-4ce4-942b-b101ec89822f)] -> css selector: a.ico-login]
      Session ID: c9d21c69-a940-4ce4-942b-b101ec89822f
      	at java.base/jdk.internal.reflect.DirectConstructorHandleAccessor.newInstance(DirectConstructorHandleAccessor.java:62)
      	at java.base/java.lang.reflect.Constructor.newInstanceWithCaller(Constructor.java:499)
      	at java.base/java.lang.reflect.Constructor.newInstance(Constructor.java:483)
      	at org.openqa.selenium.remote.ErrorCodec.decode(ErrorCodec.java:167)
      	at org.openqa.selenium.remote.codec.w3c.W3CHttpResponseCodec.decode(W3CHttpResponseCodec.java:138)
      	at org.openqa.selenium.remote.codec.w3c.W3CHttpResponseCodec.decode(W3CHttpResponseCodec.java:50)
      	at org.openqa.selenium.remote.HttpCommandExecutor.execute(HttpCommandExecutor.java:215)
      	at org.openqa.selenium.remote.service.DriverCommandExecutor.invokeExecute(DriverCommandExecutor.java:216)
      	at org.openqa.selenium.remote.service.DriverCommandExecutor.execute(DriverCommandExecutor.java:174)
      	at org.openqa.selenium.remote.RemoteWebDriver.execute(RemoteWebDriver.java:544)
      	at org.openqa.selenium.remote.RemoteWebElement.execute(RemoteWebElement.java:223)
      	at org.openqa.selenium.remote.RemoteWebElement.click(RemoteWebElement.java:76)
      	at java.base/jdk.internal.reflect.DirectMethodHandleAccessor.invoke(DirectMethodHandleAccessor.java:104)
      	at java.base/java.lang.reflect.Method.invoke(Method.java:565)
      	at org.openqa.selenium.support.decorators.WebDriverDecorator.call(WebDriverDecorator.java:315)
      	at org.openqa.selenium.support.decorators.DefaultDecorated.call(DefaultDecorated.java:48)
      	at org.openqa.selenium.support.decorators.WebDriverDecorator.lambda$createProxyFactory$3(WebDriverDecorator.java:405)
      	at net.bytebuddy.renamed.java.lang.Object$ByteBuddy$2mFELSSU.click(Unknown Source)
      	at steps.LoginSteps.clickLoginURL(LoginSteps.java:32)
      	at ✽.the user is on the Demo Web Shop login page(file:///home/sayan/Documents/Demo-WebShop-Automation/src/test/features/Login.feature:7)
  When the user enters "valid@example.com" as email
  And the user enters "invalid_pass" as password
  And the user clicks on the login button           # steps.LoginSteps.clickLoginButton()
  Then the login status should be "failure"

Scenario Outline: Login with different credentials    # src/test/features/Login.feature:56
Clicking on element: [[FirefoxDriver: firefox on linux (c9d21c69-a940-4ce4-942b-b101ec89822f)] -> css selector: a.ico-login]
  Given the user is on the Demo Web Shop login page   # steps.LoginSteps.clickLoginURL()
      org.openqa.selenium.StaleElementReferenceException: The element with the reference 67848535-ac3b-4227-aa38-1cb840a0a8e0 is stale; either its node document is not the active document, or it is no longer connected to the DOM
      For documentation on this error, please visit: https://www.selenium.dev/documentation/webdriver/troubleshooting/errors#stale-element-reference-exception
[...]
Element: [[FirefoxDriver: firefox on linux (c9d21c69-a940-4ce4-942b-b101ec89822f)] -> css selector: a.ico-login]
Session ID: c9d21c69-a940-4ce4-942b-b101ec89822f
	at java.base/jdk.internal.reflect.DirectConstructorHandleAccessor.newInstance(DirectConstructorHandleAccessor.java:62)
	at java.base/java.lang.reflect.Constructor.newInstanceWithCaller(Constructor.java:499)
	at java.base/java.lang.reflect.Constructor.newInstance(Constructor.java:483)
	at org.openqa.selenium.remote.ErrorCodec.decode(ErrorCodec.java:167)
	at org.openqa.selenium.remote.codec.w3c.W3CHttpResponseCodec.decode(W3CHttpResponseCodec.java:138)
	at org.openqa.selenium.remote.codec.w3c.W3CHttpResponseCodec.decode(W3CHttpResponseCodec.java:50)
	at org.openqa.selenium.remote.HttpCommandExecutor.execute(HttpCommandExecutor.java:215)
	at org.openqa.selenium.remote.service.DriverCommandExecutor.invokeExecute(DriverCommandExecutor.java:216)
	at org.openqa.selenium.remote.service.DriverCommandExecutor.execute(DriverCommandExecutor.java:174)
	at org.openqa.selenium.remote.RemoteWebDriver.execute(RemoteWebDriver.java:544)
	at org.openqa.selenium.remote.RemoteWebElement.execute(RemoteWebElement.java:223)
	at org.openqa.selenium.remote.RemoteWebElement.isEnabled(RemoteWebElement.java:181)
	at listeners.Listener.beforeClick(Listener.java:18)
	at java.base/jdk.internal.reflect.DirectMethodHandleAccessor.invoke(DirectMethodHandleAccessor.java:104)
	... 72 more

Aug 09, 2025 4:32:02 AM org.openqa.selenium.support.events.EventFiringDecorator callListenerMethod
WARNING: null
java.lang.reflect.InvocationTargetException
	at java.base/jdk.internal.reflect.DirectMethodHandleAccessor.invoke(DirectMethodHandleAccessor.java:119)
	at java.base/java.lang.reflect.Method.invoke(Method.java:565)
	at org.openqa.selenium.support.events.EventFiringDecorator.callListenerMethod(EventFiringDecorator.java:355)
	at org.openqa.selenium.support.events.EventFiringDecorator.fireBeforeEvents(EventFiringDecorator.java:253)
	at org.openqa.selenium.support.events.EventFiringDecorator.lambda$beforeCall$0(EventFiringDecorator.java:189)
	at java.base/java.util.Arrays$ArrayList.forEach(Arrays.java:4264)
	at org.openqa.selenium.support.events.EventFiringDecorator.beforeCall(EventFiringDecorator.java:189)
	at org.openqa.selenium.support.decorators.DefaultDecorated.beforeCall(DefaultDecorated.java:43)
	at org.openqa.selenium.support.decorators.WebDriverDecorator.lambda$createProxyFactory$3(WebDriverDecorator.java:404)
	at net.bytebuddy.renamed.java.lang.Object$ByteBuddy$2mFELSSU.click(Unknown Source)
	at steps.LoginSteps.clickLoginURL(LoginSteps.java:32)
	at java.base/jdk.internal.reflect.DirectMethodHandleAccessor.invoke(DirectMethodHandleAccessor.java:104)
	at java.base/java.lang.reflect.Method.invoke(Method.java:565)
	at io.cucumber.java.Invoker.doInvoke(Invoker.java:66)
	at io.cucumber.java.Invoker.invoke(Invoker.java:24)
	at io.cucumber.java.AbstractGlueDefinition.invokeMethod(AbstractGlueDefinition.java:47)
	at io.cucumber.java.JavaStepDefinition.execute(JavaStepDefinition.java:29)
	at io.cucumber.core.runner.CoreStepDefinition.execute(CoreStepDefinition.java:66)
	at io.cucumber.core.runner.PickleStepDefinitionMatch.runStep(PickleStepDefinitionMatch.java:62)
	at io.cucumber.core.runner.ExecutionMode$1.execute(ExecutionMode.java:10)
	at io.cucumber.core.runner.TestStep.executeStep(TestStep.java:81)
	at io.cucumber.core.runner.TestStep.run(TestStep.java:53)
	at io.cucumber.core.runner.PickleStepTestStep.run(PickleStepTestStep.java:51)
	at io.cucumber.core.runner.TestCase.run(TestCase.java:86)
	at io.cucumber.core.runner.Runner.runPickle(Runner.java:77)
	at io.cucumber.testng.TestNGCucumberRunner.lambda$runScenario$1(TestNGCucumberRunner.java:135)
	at io.cucumber.core.runtime.CucumberExecutionContext.lambda$runTestCase$5(CucumberExecutionContext.java:136)
	at io.cucumber.core.runtime.RethrowingThrowableCollector.executeAndThrow(RethrowingThrowableCollector.java:23)
	at io.cucumber.core.runtime.CucumberExecutionContext.runTestCase(CucumberExecutionContext.java:136)
	at io.cucumber.testng.TestNGCucumberRunner.runScenario(TestNGCucumberRunner.java:132)
	at io.cucumber.testng.AbstractTestNGCucumberTests.runScenario(AbstractTestNGCucumberTests.java:35)
	at java.base/jdk.internal.reflect.DirectMethodHandleAccessor.invoke(DirectMethodHandleAccessor.java:104)
	at java.base/java.lang.reflect.Method.invoke(Method.java:565)
	at org.testng.internal.invokers.MethodInvocationHelper.invokeMethod(MethodInvocationHelper.java:141)
	at org.testng.internal.invokers.TestInvoker.invokeMethod(TestInvoker.java:687)
	at org.testng.internal.invokers.TestInvoker.invokeTestMethod(TestInvoker.java:230)
	at org.testng.internal.invokers.MethodRunner.runInSequence(MethodRunner.java:63)
	at org.testng.internal.invokers.TestInvoker$MethodInvocationAgent.invoke(TestInvoker.java:995)
	at org.testng.internal.invokers.TestInvoker.invokeTestMethods(TestInvoker.java:203)
	at org.testng.internal.invokers.TestMethodWorker.invokeTestMethods(TestMethodWorker.java:154)
	at org.testng.internal.invokers.TestMethodWorker.run(TestMethodWorker.java:134)
	at java.base/java.util.ArrayList.forEach(ArrayList.java:1604)
	at org.testng.TestRunner.privateRun(TestRunner.java:741)
	at org.testng.TestRunner.run(TestRunner.java:616)
	at org.testng.SuiteRunner.runTest(SuiteRunner.java:421)
	at org.testng.SuiteRunner.runSequentially(SuiteRunner.java:413)
	at org.testng.SuiteRunner.privateRun(SuiteRunner.java:373)
	at org.testng.SuiteRunner.run(SuiteRunner.java:312)
	at org.testng.SuiteRunnerWorker.runSuite(SuiteRunnerWorker.java:52)
	at org.testng.SuiteRunnerWorker.run(SuiteRunnerWorker.java:95)
	at org.testng.TestNG.runSuitesSequentially(TestNG.java:1274)
	at org.testng.TestNG.runSuitesLocally(TestNG.java:1208)
	at org.testng.TestNG.runSuites(TestNG.java:1112)
	at org.testng.TestNG.run(TestNG.java:1079)
	at org.gradle.api.internal.tasks.testing.testng.TestNGTestClassProcessor.runTests(TestNGTestClassProcessor.java:153)
	at org.gradle.api.internal.tasks.testing.testng.TestNGTestClassProcessor.stop(TestNGTestClassProcessor.java:95)
	at org.gradle.api.internal.tasks.testing.SuiteTestClassProcessor.stop(SuiteTestClassProcessor.java:63)
	at java.base/jdk.internal.reflect.DirectMethodHandleAccessor.invoke(DirectMethodHandleAccessor.java:104)
	at java.base/java.lang.reflect.Method.invoke(Method.java:565)
	at org.gradle.internal.dispatch.ReflectionDispatch.dispatch(ReflectionDispatch.java:36)
	at org.gradle.internal.dispatch.ReflectionDispatch.dispatch(ReflectionDispatch.java:24)
	at org.gradle.internal.dispatch.ContextClassLoaderDispatch.dispatch(ContextClassLoaderDispatch.java:33)
	at org.gradle.internal.dispatch.ProxyDispatchAdapter$DispatchingInvocationHandler.invoke(ProxyDispatchAdapter.java:92)
	at jdk.proxy1/jdk.proxy1.$Proxy4.stop(Unknown Source)
	at org.gradle.api.internal.tasks.testing.worker.TestWorker$3.run(TestWorker.java:200)
	at org.gradle.api.internal.tasks.testing.worker.TestWorker.executeAndMaintainThreadName(TestWorker.java:132)
	at org.gradle.api.internal.tasks.testing.worker.TestWorker.execute(TestWorker.java:103)
	at org.gradle.api.internal.tasks.testing.worker.TestWorker.execute(TestWorker.java:63)
	at org.gradle.process.internal.worker.child.ActionExecutionWorker.execute(ActionExecutionWorker.java:56)
	at org.gradle.process.internal.worker.child.SystemApplicationClassLoaderWorker.call(SystemApplicationClassLoaderWorker.java:122)
	at org.gradle.process.internal.worker.child.SystemApplicationClassLoaderWorker.call(SystemApplicationClassLoaderWorker.java:72)
	at worker.org.gradle.process.internal.worker.GradleWorkerMain.run(GradleWorkerMain.java:69)
	at worker.org.gradle.process.internal.worker.GradleWorkerMain.main(GradleWorkerMain.java:74)
Caused by: org.openqa.selenium.StaleElementReferenceException: The element with the reference 67848535-ac3b-4227-aa38-1cb840a0a8e0 is stale; either its node document is not the active document, or it is no longer connected to the DOM
For documentation on this error, please visit: https://www.selenium.dev/documentation/webdriver/troubleshooting/errors#stale-element-reference-exception
Build info: version: '4.33.0', revision: '2c6aaad03a'
System info: os.name: 'Linux', os.arch: 'aarch64', os.version: '6.14.8-400.asahi.fc42.aarch64+16k', java.version: '25-ea'
Driver info: org.openqa.selenium.firefox.FirefoxDriver
Command: [c9d21c69-a940-4ce4-942b-b101ec89822f, isElementEnabled {id=67848535-ac3b-4227-aa38-1cb840a0a8e0}]
Capabilities {acceptInsecureCerts: true, browserName: firefox, browserVersion: 141.0.2, moz:accessibilityChecks: false, moz:buildID: 20250806111518, moz:geckodriverVersion: 0.34.0, moz:headless: false, moz:platformVersion: 6.14.8-400.asahi.fc42.aarch..., moz:processID: 32501, moz:profile: /tmp/rust_mozprofile5352L6, moz:shutdownTimeout: 60000, moz:webdriverClick: true, moz:windowless: false, pageLoadStrategy: normal, platformName: linux, proxy: Proxy(), setWindowRect: true, strictFileInteractability: false, timeouts: {implicit: 0, pageLoad: 300000, script: 30000}, unhandledPromptBehavior: dismiss and notify, userAgent: Mozilla/5.0 (X11; Linux x86...}
Element: [[FirefoxDriver: firefox on linux (c9d21c69-a940-4ce4-942b-b101ec89822f)] -> css selector: a.ico-login]
Session ID: c9d21c69-a940-4ce4-942b-b101ec89822f
	at java.base/jdk.internal.reflect.DirectConstructorHandleAccessor.newInstance(DirectConstructorHandleAccessor.java:62)
	at java.base/java.lang.reflect.Constructor.newInstanceWithCaller(Constructor.java:499)
	at java.base/java.lang.reflect.Constructor.newInstance(Constructor.java:483)
	at org.openqa.selenium.remote.ErrorCodec.decode(ErrorCodec.java:167)
	at org.openqa.selenium.remote.codec.w3c.W3CHttpResponseCodec.decode(W3CHttpResponseCodec.java:138)
	at org.openqa.selenium.remote.codec.w3c.W3CHttpResponseCodec.decode(W3CHttpResponseCodec.java:50)
	at org.openqa.selenium.remote.HttpCommandExecutor.execute(HttpCommandExecutor.java:215)
	at org.openqa.selenium.remote.service.DriverCommandExecutor.invokeExecute(DriverCommandExecutor.java:216)
	at org.openqa.selenium.remote.service.DriverCommandExecutor.execute(DriverCommandExecutor.java:174)
	at org.openqa.selenium.remote.RemoteWebDriver.execute(RemoteWebDriver.java:544)
	at org.openqa.selenium.remote.RemoteWebElement.execute(RemoteWebElement.java:223)
	at org.openqa.selenium.remote.RemoteWebElement.isEnabled(RemoteWebElement.java:181)
	at listeners.Listener.beforeClick(Listener.java:18)
	at java.base/jdk.internal.reflect.DirectMethodHandleAccessor.invoke(DirectMethodHandleAccessor.java:104)
	... 72 more

Aug 09, 2025 4:32:32 AM org.openqa.selenium.support.events.EventFiringDecorator callListenerMethod
WARNING: null
java.lang.reflect.InvocationTargetException
	at java.base/jdk.internal.reflect.DirectMethodHandleAccessor.invoke(DirectMethodHandleAccessor.java:119)
	at java.base/java.lang.reflect.Method.invoke(Method.java:565)
	at org.openqa.selenium.support.events.EventFiringDecorator.callListenerMethod(EventFiringDecorator.java:355)
	at org.openqa.selenium.support.events.EventFiringDecorator.fireBeforeEvents(EventFiringDecorator.java:253)
	at org.openqa.selenium.support.events.EventFiringDecorator.lambda$beforeCall$0(EventFiringDecorator.java:189)
	at java.base/java.util.Arrays$ArrayList.forEach(Arrays.java:4264)
	at org.openqa.selenium.support.events.EventFiringDecorator.beforeCall(EventFiringDecorator.java:189)
	at org.openqa.selenium.support.decorators.DefaultDecorated.beforeCall(DefaultDecorated.java:43)
	at org.openqa.selenium.support.decorators.WebDriverDecorator.lambda$createProxyFactory$3(WebDriverDecorator.java:404)
	at net.bytebuddy.renamed.java.lang.Object$ByteBuddy$2mFELSSU.click(Unknown Source)
	at steps.LoginSteps.clickLoginURL(LoginSteps.java:32)
	at java.base/jdk.internal.reflect.DirectMethodHandleAccessor.invoke(DirectMethodHandleAccessor.java:104)
	at java.base/java.lang.reflect.Method.invoke(Method.java:565)
	at io.cucumber.java.Invoker.doInvoke(Invoker.java:66)
	at io.cucumber.java.Invoker.invoke(Invoker.java:24)
	at io.cucumber.java.AbstractGlueDefinition.invokeMethod(AbstractGlueDefinition.java:47)
	at io.cucumber.java.JavaStepDefinition.execute(JavaStepDefinition.java:29)
	at io.cucumber.core.runner.CoreStepDefinition.execute(CoreStepDefinition.java:66)
	at io.cucumber.core.runner.PickleStepDefinitionMatch.runStep(PickleStepDefinitionMatch.java:62)
	at io.cucumber.core.runner.ExecutionMode$1.execute(ExecutionMode.java:10)
	at io.cucumber.core.runner.TestStep.executeStep(TestStep.java:81)
	at io.cucumber.core.runner.TestStep.run(TestStep.java:53)
	at io.cucumber.core.runner.PickleStepTestStep.run(PickleStepTestStep.java:51)
	at io.cucumber.core.runner.TestCase.run(TestCase.java:86)
	at io.cucumber.core.runner.Runner.runPickle(Runner.java:77)
	at io.cucumber.testng.TestNGCucumberRunner.lambda$runScenario$1(TestNGCucumberRunner.java:135)
	at io.cucumber.core.runtime.CucumberExecutionContext.lambda$runTestCase$5(CucumberExecutionContext.java:136)
	at io.cucumber.core.runtime.RethrowingThrowableCollector.executeAndThrow(RethrowingThrowableCollector.java:23)
	at io.cucumber.core.runtime.CucumberExecutionContext.runTestCase(CucumberExecutionContext.java:136)
	at io.cucumber.testng.TestNGCucumberRunner.runScenario(TestNGCucumberRunner.java:132)
	at io.cucumber.testng.AbstractTestNGCucumberTests.runScenario(AbstractTestNGCucumberTests.java:35)
	at java.base/jdk.internal.reflect.DirectMethodHandleAccessor.invoke(DirectMethodHandleAccessor.java:104)
	at java.base/java.lang.reflect.Method.invoke(Method.java:565)
	at org.testng.internal.invokers.MethodInvocationHelper.invokeMethod(MethodInvocationHelper.java:141)
	at org.testng.internal.invokers.TestInvoker.invokeMethod(TestInvoker.java:687)
	at org.testng.internal.invokers.TestInvoker.invokeTestMethod(TestInvoker.java:230)
	at org.testng.internal.invokers.MethodRunner.runInSequence(MethodRunner.java:63)
	at org.testng.internal.invokers.TestInvoker$MethodInvocationAgent.invoke(TestInvoker.java:995)
	at org.testng.internal.invokers.TestInvoker.invokeTestMethods(TestInvoker.java:203)
	at org.testng.internal.invokers.TestMethodWorker.invokeTestMethods(TestMethodWorker.java:154)
	at org.testng.internal.invokers.TestMethodWorker.run(TestMethodWorker.java:134)
	at java.base/java.util.ArrayList.forEach(ArrayList.java:1604)
	at org.testng.TestRunner.privateRun(TestRunner.java:741)
	at org.testng.TestRunner.run(TestRunner.java:616)
	at org.testng.SuiteRunner.runTest(SuiteRunner.java:421)
	at org.testng.SuiteRunner.runSequentially(SuiteRunner.java:413)
	at org.testng.SuiteRunner.privateRun(SuiteRunner.java:373)
	at org.testng.SuiteRunner.run(SuiteRunner.java:312)
	at org.testng.SuiteRunnerWorker.runSuite(SuiteRunnerWorker.java:52)
	at org.testng.SuiteRunnerWorker.run(SuiteRunnerWorker.java:95)
	at org.testng.TestNG.runSuitesSequentially(TestNG.java:1274)
	at org.testng.TestNG.runSuitesLocally(TestNG.java:1208)
	at org.testng.TestNG.runSuites(TestNG.java:1112)
	at org.testng.TestNG.run(TestNG.java:1079)
	at org.gradle.api.internal.tasks.testing.testng.TestNGTestClassProcessor.runTests(TestNGTestClassProcessor.java:153)
	at org.gradle.api.internal.tasks.testing.testng.TestNGTestClassProcessor.stop(TestNGTestClassProcessor.java:95)
	at org.gradle.api.internal.tasks.testing.SuiteTestClassProcessor.stop(SuiteTestClassProcessor.java:63)
	at java.base/jdk.internal.reflect.DirectMethodHandleAccessor.invoke(DirectMethodHandleAccessor.java:104)
	at java.base/java.lang.reflect.Method.invoke(Method.java:565)
	at org.gradle.internal.dispatch.ReflectionDispatch.dispatch(ReflectionDispatch.java:36)
	at org.gradle.internal.dispatch.ReflectionDispatch.dispatch(ReflectionDispatch.java:24)
	at org.gradle.internal.dispatch.ContextClassLoaderDispatch.dispatch(ContextClassLoaderDispatch.java:33)
	at org.gradle.internal.dispatch.ProxyDispatchAdapter$DispatchingInvocationHandler.invoke(ProxyDispatchAdapter.java:92)
	at jdk.proxy1/jdk.proxy1.$Proxy4.stop(Unknown Source)
	at org.gradle.api.internal.tasks.testing.worker.TestWorker$3.run(TestWorker.java:200)
	at org.gradle.api.internal.tasks.testing.worker.TestWorker.executeAndMaintainThreadName(TestWorker.java:132)
	at org.gradle.api.internal.tasks.testing.worker.TestWorker.execute(TestWorker.java:103)
	at org.gradle.api.internal.tasks.testing.worker.TestWorker.execute(TestWorker.java:63)
	at org.gradle.process.internal.worker.child.ActionExecutionWorker.execute(ActionExecutionWorker.java:56)
	at org.gradle.process.internal.worker.child.SystemApplicationClassLoaderWorker.call(SystemApplicationClassLoaderWorker.java:122)
	at org.gradle.process.internal.worker.child.SystemApplicationClassLoaderWorker.call(SystemApplicationClassLoaderWorker.java:72)
	at worker.org.gradle.process.internal.worker.GradleWorkerMain.run(GradleWorkerMain.java:69)
	at worker.org.gradle.process.internal.worker.GradleWorkerMain.main(GradleWorkerMain.java:74)
Caused by: org.openqa.selenium.StaleElementReferenceException: The element with the reference 67848535-ac3b-4227-aa38-1cb840a0a8e0 is stale; either its node document is not the active document, or it is no longer connected to the DOM
For documentation on this error, please visit: https://www.selenium.dev/documentation/webdriver/troubleshooting/errors#stale-element-reference-exception
Build info: version: '4.33.0', revision: '2c6aaad03a'
System info: os.name: 'Linux', os.arch: 'aarch64', os.version: '6.14.8-400.asahi.fc42.aarch64+16k', java.version: '25-ea'
Driver info: org.openqa.selenium.firefox.FirefoxDriver
Command: [c9d21c69-a940-4ce4-942b-b101ec89822f, isElementEnabled {id=67848535-ac3b-4227-aa38-1cb840a0a8e0}]
Capabilities {acceptInsecureCerts: true, browserName: firefox, browserVersion: 141.0.2, moz:accessibilityChecks: false, moz:buildID: 20250806111518, moz:geckodriverVersion: 0.34.0, moz:headless: false, moz:platformVersion: 6.14.8-400.asahi.fc42.aarch..., moz:processID: 32501, moz:profile: /tmp/rust_mozprofile5352L6, moz:shutdownTimeout: 60000, moz:webdriverClick: true, moz:windowless: false, pageLoadStrategy: normal, platformName: linux, proxy: Proxy(), setWindowRect: true, strictFileInteractability: false, timeouts: {implicit: 0, pageLoad: 300000, script: 30000}, unhandledPromptBehavior: dismiss and notify, userAgent: Mozilla/5.0 (X11; Linux x86...}
Element: [[FirefoxDriver: firefox on linux (c9d21c69-a940-4ce4-942b-b101ec89822f)] -> css selector: a.ico-login]
Session ID: c9d21c69-a940-4ce4-942b-b101ec89822f
	at java.base/jdk.internal.reflect.DirectConstructorHandleAccessor.newInstance(DirectConstructorHandleAccessor.java:62)
	at java.base/java.lang.reflect.Constructor.newInstanceWithCaller(Constructor.java:499)
	at java.base/java.lang.reflect.Constructor.newInstance(Constructor.java:483)
	at org.openqa.selenium.remote.ErrorCodec.decode(ErrorCodec.java:167)
	at org.openqa.selenium.remote.codec.w3c.W3CHttpResponseCodec.decode(W3CHttpResponseCodec.java:138)
	at org.openqa.selenium.remote.codec.w3c.W3CHttpResponseCodec.decode(W3CHttpResponseCodec.java:50)
	at org.openqa.selenium.remote.HttpCommandExecutor.execute(HttpCommandExecutor.java:215)
	at org.openqa.selenium.remote.service.DriverCommandExecutor.invokeExecute(DriverCommandExecutor.java:216)
	at org.openqa.selenium.remote.service.DriverCommandExecutor.execute(DriverCommandExecutor.java:174)
	at org.openqa.selenium.remote.RemoteWebDriver.execute(RemoteWebDriver.java:544)
	at org.openqa.selenium.remote.RemoteWebElement.execute(RemoteWebElement.java:223)
	at org.openqa.selenium.remote.RemoteWebElement.isEnabled(RemoteWebElement.java:181)
	at listeners.Listener.beforeClick(Listener.java:18)
	at java.base/jdk.internal.reflect.DirectMethodHandleAccessor.invoke(DirectMethodHandleAccessor.java:104)
	... 72 more

]]></system-err>
</testsuite>
